#
# There is insufficient memory for the Java Runtime Environment to continue.
# Native memory allocation (mmap) failed to map 248512512 bytes for G1 virtual space
# Possible reasons:
#   The system is out of physical RAM or swap space
#   The process is running with CompressedOops enabled, and the Java Heap may be blocking the growth of the native heap
# Possible solutions:
#   Reduce memory load on the system
#   Increase physical memory or swap space
#   Check if swap backing store is full
#   Decrease Java heap size (-Xmx/-Xms)
#   Decrease number of Java threads
#   Decrease Java thread stack sizes (-Xss)
#   Set larger code cache with -XX:ReservedCodeCacheSize=
#   JVM is running with Unscaled Compressed Oops mode in which the Java heap is
#     placed in the first 4GB address space. The Java Heap base address is the
#     maximum limit for the native heap growth. Please use -XX:HeapBaseMinAddress
#     to set the Java Heap base and to place the Java Heap above 4GB virtual address.
# This output file may be truncated or incomplete.
#
#  Out of Memory Error (os_windows.cpp:3541), pid=16240, tid=19924
#
# JRE version: OpenJDK Runtime Environment Temurin-17.0.4.1+1 (17.0.4.1+1) (build 17.0.4.1+1)
# Java VM: OpenJDK 64-Bit Server VM Temurin-17.0.4.1+1 (17.0.4.1+1, mixed mode, emulated-client, tiered, compressed oops, compressed class ptrs, g1 gc, windows-amd64)
# No core dump will be written. Minidumps are not enabled by default on client versions of Windows
#

---------------  S U M M A R Y ------------

Command Line: -Dsts.lsp.client=vscode -Dsts.log.file=/dev/null -XX:TieredStopAtLevel=1 -Xlog:jni+resolve=off -Dspring.config.location=file:c:\Users\IBBALLO\.vscode\extensions\pivotal.vscode-spring-boot-1.39.0\language-server\BOOT-INF\classes\application.properties org.springframework.ide.vscode.boot.app.BootLanguageServerBootApp

Host: 11th Gen Intel(R) Core(TM) i7-1165G7 @ 2.80GHz, 8 cores, 7G,  Windows 11 , 64 bit Build 22000 (10.0.22000.708)
Time: Mon Oct 10 21:50:20 2022 Greenwich elapsed time: 8.570068 seconds (0d 0h 0m 8s)

---------------  T H R E A D  ---------------

Current thread (0x0000017b1a18af20):  VMThread "VM Thread" [stack: 0x0000001373900000,0x0000001373a00000] [id=19924]

Stack: [0x0000001373900000,0x0000001373a00000]
Native frames: (J=compiled Java code, j=interpreted, Vv=VM code, C=native code)
V  [jvm.dll+0x67731a]
V  [jvm.dll+0x832284]
V  [jvm.dll+0x833a2e]
V  [jvm.dll+0x834093]
V  [jvm.dll+0x245775]
V  [jvm.dll+0x674209]
V  [jvm.dll+0x668a92]
V  [jvm.dll+0x30471b]
V  [jvm.dll+0x30bc66]
V  [jvm.dll+0x35ba9e]
V  [jvm.dll+0x35bccf]
V  [jvm.dll+0x2db5b8]
V  [jvm.dll+0x2d986c]
V  [jvm.dll+0x2d8e3c]
V  [jvm.dll+0x31cd9b]
V  [jvm.dll+0x83853b]
V  [jvm.dll+0x839274]
V  [jvm.dll+0x83978c]
V  [jvm.dll+0x839b64]
V  [jvm.dll+0x839c30]
V  [jvm.dll+0x7e240a]
V  [jvm.dll+0x6761a5]
C  [ucrtbase.dll+0x26c0c]
C  [KERNEL32.DLL+0x154e0]
C  [ntdll.dll+0x485b]

VM_Operation (0x00000013757fded0): G1CollectForAllocation, mode: safepoint, requested by thread 0x0000017b1c7e2300


---------------  P R O C E S S  ---------------

Threads class SMR info:
_java_thread_list=0x0000017b1c9f5fc0, length=34, elements={
0x0000017b1a1a6030, 0x0000017b1a1a7b00, 0x0000017b1ac29fc0, 0x0000017b1ac2c890,
0x0000017b1ac2d150, 0x0000017b1ac31a30, 0x0000017b1ac357f0, 0x0000017b1ac360f0,
0x0000017b1ac62fc0, 0x0000017b1ae466a0, 0x0000017b1ae5a1e0, 0x0000017b1b6df510,
0x0000017b1b7062d0, 0x0000017b1cb50550, 0x0000017b1cccc3a0, 0x0000017b1ccb7580,
0x0000017b1cd44d70, 0x0000017b1cd45240, 0x0000017b1cd45710, 0x0000017b1c7e1e30,
0x0000017b1c7e2300, 0x0000017b1cbbd190, 0x0000017b1cbbe000, 0x0000017b1cbbdb30,
0x0000017b1cbbe9a0, 0x0000017b1cbbafe0, 0x0000017b1cbbb980, 0x0000017b1cbbd660,
0x0000017b1cbbb4b0, 0x0000017b1cbbbe50, 0x0000017b1cbbc320, 0x0000017b1cbbc7f0,
0x0000017b1cbbccc0, 0x0000017b1d2de150
}

Java Threads: ( => current thread )
  0x0000017b1a1a6030 JavaThread "Reference Handler" daemon [_thread_blocked, id=26988, stack(0x0000001373a00000,0x0000001373b00000)]
  0x0000017b1a1a7b00 JavaThread "Finalizer" daemon [_thread_blocked, id=8544, stack(0x0000001373b00000,0x0000001373c00000)]
  0x0000017b1ac29fc0 JavaThread "Signal Dispatcher" daemon [_thread_blocked, id=27824, stack(0x0000001373c00000,0x0000001373d00000)]
  0x0000017b1ac2c890 JavaThread "Attach Listener" daemon [_thread_blocked, id=28640, stack(0x0000001373d00000,0x0000001373e00000)]
  0x0000017b1ac2d150 JavaThread "Service Thread" daemon [_thread_blocked, id=29144, stack(0x0000001373e00000,0x0000001373f00000)]
  0x0000017b1ac31a30 JavaThread "Monitor Deflation Thread" daemon [_thread_blocked, id=21244, stack(0x0000001373f00000,0x0000001374000000)]
  0x0000017b1ac357f0 JavaThread "C1 CompilerThread0" daemon [_thread_blocked, id=27884, stack(0x0000001374000000,0x0000001374100000)]
  0x0000017b1ac360f0 JavaThread "Sweeper thread" daemon [_thread_blocked, id=10276, stack(0x0000001374100000,0x0000001374200000)]
  0x0000017b1ac62fc0 JavaThread "C1 CompilerThread1" daemon [_thread_blocked, id=20584, stack(0x0000001374200000,0x0000001374300000)]
  0x0000017b1ae466a0 JavaThread "Notification Thread" daemon [_thread_blocked, id=33192, stack(0x0000001374300000,0x0000001374400000)]
  0x0000017b1ae5a1e0 JavaThread "Common-Cleaner" daemon [_thread_blocked, id=3992, stack(0x0000001374500000,0x0000001374600000)]
  0x0000017b1b6df510 JavaThread "C1 CompilerThread2" daemon [_thread_blocked, id=12664, stack(0x0000001374600000,0x0000001374700000)]
  0x0000017b1b7062d0 JavaThread "C1 CompilerThread3" daemon [_thread_blocked, id=21160, stack(0x0000001374700000,0x0000001374800000)]
  0x0000017b1cb50550 JavaThread "boundedElastic-evictor-1" daemon [_thread_blocked, id=30552, stack(0x0000001374d00000,0x0000001374e00000)]
  0x0000017b1cccc3a0 JavaThread "ForkJoinPool.commonPool-worker-1" daemon [_thread_blocked, id=33000, stack(0x0000001375100000,0x0000001375200000)]
  0x0000017b1ccb7580 JavaThread "ClassGraph-worker-0" daemon [_thread_blocked, id=11028, stack(0x0000001375200000,0x0000001375300000)]
  0x0000017b1cd44d70 JavaThread "ClassGraph-worker-1" daemon [_thread_blocked, id=18464, stack(0x0000001375300000,0x0000001375400000)]
  0x0000017b1cd45240 JavaThread "ClassGraph-worker-2" daemon [_thread_blocked, id=28676, stack(0x0000001375400000,0x0000001375500000)]
  0x0000017b1cd45710 JavaThread "ClassGraph-worker-3" daemon [_thread_blocked, id=29136, stack(0x0000001375500000,0x0000001375600000)]
  0x0000017b1c7e1e30 JavaThread "ClassGraph-worker-4" daemon [_thread_blocked, id=29512, stack(0x0000001375600000,0x0000001375700000)]
  0x0000017b1c7e2300 JavaThread "ClassGraph-worker-5" daemon [_thread_blocked, id=21648, stack(0x0000001375700000,0x0000001375800000)]
  0x0000017b1cbbd190 JavaThread "ClassGraph-worker-6" daemon [_thread_blocked, id=24148, stack(0x0000001375800000,0x0000001375900000)]
  0x0000017b1cbbe000 JavaThread "ClassGraph-worker-7" daemon [_thread_blocked, id=31272, stack(0x0000001375900000,0x0000001375a00000)]
  0x0000017b1cbbdb30 JavaThread "ClassGraph-worker-8" daemon [_thread_blocked, id=35288, stack(0x0000001375a00000,0x0000001375b00000)]
  0x0000017b1cbbe9a0 JavaThread "ClassGraph-worker-9" daemon [_thread_blocked, id=22260, stack(0x0000001375b00000,0x0000001375c00000)]
  0x0000017b1cbbafe0 JavaThread "ClassGraph-worker-10" daemon [_thread_blocked, id=33260, stack(0x0000001375c00000,0x0000001375d00000)]
  0x0000017b1cbbb980 JavaThread "ClassGraph-worker-11" daemon [_thread_blocked, id=22520, stack(0x0000001375d00000,0x0000001375e00000)]
  0x0000017b1cbbd660 JavaThread "ClassGraph-worker-12" daemon [_thread_blocked, id=32604, stack(0x0000001375e00000,0x0000001375f00000)]
  0x0000017b1cbbb4b0 JavaThread "ClassGraph-worker-13" daemon [_thread_blocked, id=23732, stack(0x0000001375f00000,0x0000001376000000)]
  0x0000017b1cbbbe50 JavaThread "pool-9-thread-1" [_thread_blocked, id=28476, stack(0x0000001376000000,0x0000001376100000)]
  0x0000017b1cbbc320 JavaThread "LanguageServerApp-lifecycle" [_thread_blocked, id=34772, stack(0x0000001376100000,0x0000001376200000)]
  0x0000017b1cbbc7f0 JavaThread "DestroyJavaVM" [_thread_blocked, id=24600, stack(0x0000001373300000,0x0000001373400000)]
  0x0000017b1cbbccc0 JavaThread "pool-10-thread-1" [_thread_blocked, id=13236, stack(0x0000001376200000,0x0000001376300000)]
  0x0000017b1d2de150 JavaThread "Simple-Language-Server main thread" daemon [_thread_blocked, id=31448, stack(0x0000001376300000,0x0000001376400000)]

Other Threads:
=>0x0000017b1a18af20 VMThread "VM Thread" [stack: 0x0000001373900000,0x0000001373a00000] [id=19924]
  0x0000017b1ae46b70 WatcherThread [stack: 0x0000001374400000,0x0000001374500000] [id=29980]
  0x0000017b0cf53a90 GCTaskThread "GC Thread#0" [stack: 0x0000001373400000,0x0000001373500000] [id=34636]
  0x0000017b1b7d8c70 GCTaskThread "GC Thread#1" [stack: 0x0000001374800000,0x0000001374900000] [id=6968]
  0x0000017b1b7af580 GCTaskThread "GC Thread#2" [stack: 0x0000001374900000,0x0000001374a00000] [id=28852]
  0x0000017b1b7f91d0 GCTaskThread "GC Thread#3" [stack: 0x0000001374a00000,0x0000001374b00000] [id=34156]
  0x0000017b1b7f9890 GCTaskThread "GC Thread#4" [stack: 0x0000001374b00000,0x0000001374c00000] [id=13740]
  0x0000017b1b7f9b40 GCTaskThread "GC Thread#5" [stack: 0x0000001374c00000,0x0000001374d00000] [id=27664]
  0x0000017b1c6014c0 GCTaskThread "GC Thread#6" [stack: 0x0000001374e00000,0x0000001374f00000] [id=24328]
  0x0000017b1c600950 GCTaskThread "GC Thread#7" [stack: 0x0000001374f00000,0x0000001375000000] [id=33632]
  0x0000017b0cf64b10 ConcurrentGCThread "G1 Main Marker" [stack: 0x0000001373500000,0x0000001373600000] [id=34812]
  0x0000017b0cf65520 ConcurrentGCThread "G1 Conc#0" [stack: 0x0000001373600000,0x0000001373700000] [id=13512]
  0x0000017b1c7970e0 ConcurrentGCThread "G1 Conc#1" [stack: 0x0000001375000000,0x0000001375100000] [id=29300]
  0x0000017b0cfce1f0 ConcurrentGCThread "G1 Refine#0" [stack: 0x0000001373700000,0x0000001373800000] [id=7316]
  0x0000017b1d0e1d70 ConcurrentGCThread "G1 Refine#1" [stack: 0x0000001376400000,0x0000001376500000] [id=32304]
  0x0000017b1d0e2330 ConcurrentGCThread "G1 Refine#2" [stack: 0x0000001376500000,0x0000001376600000] [id=16476]
  0x0000017b0cfcec10 ConcurrentGCThread "G1 Service" [stack: 0x0000001373800000,0x0000001373900000] [id=32644]

Threads with active compile tasks:

VM state: at safepoint (normal execution)

VM Mutex/Monitor currently owned by a thread:  ([mutex/lock_event])
[0x0000017b0ad1aeb0] Threads_lock - owner thread: 0x0000017b1a18af20
[0x0000017b0cef7df0] Heap_lock - owner thread: 0x0000017b1c7e2300

Heap address: 0x0000000083e00000, size: 1986 MB, Compressed Oops mode: 32-bit

CDS archive(s) not mapped
Compressed class space mapped at: 0x0000000100000000-0x0000000140000000, reserved size: 1073741824
Narrow klass base: 0x0000000000000000, Narrow klass shift: 3, Narrow klass range: 0x140000000

GC Precious Log:
 CPUs: 8 total, 8 available
 Memory: 7941M
 Large Page Support: Disabled
 NUMA Support: Disabled
 Compressed Oops: Enabled (32-bit)
 Heap Region Size: 1M
 Heap Min Capacity: 8M
 Heap Initial Capacity: 126M
 Heap Max Capacity: 1986M
 Pre-touch: Disabled
 Parallel Workers: 8
 Concurrent Workers: 2
 Concurrent Refinement Workers: 8
 Periodic GC: Disabled

Heap:
 garbage-first heap   total 223232K, used 76293K [0x0000000083e00000, 0x0000000100000000)
  region size 1024K, 6 young (6144K), 6 survivors (6144K)
 Metaspace       used 35781K, committed 36160K, reserved 1081344K
  class space    used 4627K, committed 4800K, reserved 1048576K

Heap Regions: E=young(eden), S=young(survivor), O=old, HS=humongous(starts), HC=humongous(continues), CS=collection set, F=free, OA=open archive, CA=closed archive, TAMS=top-at-mark-start (previous, next)
|   0|0x0000000083e00000, 0x0000000083f00000, 0x0000000083f00000|100%| O|  |TAMS 0x0000000083f00000, 0x0000000083f00000| Untracked 
|   1|0x0000000083f00000, 0x0000000084000000, 0x0000000084000000|100%| O|  |TAMS 0x0000000084000000, 0x0000000084000000| Untracked 
|   2|0x0000000084000000, 0x0000000084100000, 0x0000000084100000|100%| O|  |TAMS 0x0000000084100000, 0x0000000084100000| Untracked 
|   3|0x0000000084100000, 0x0000000084200000, 0x0000000084200000|100%| O|  |TAMS 0x0000000084200000, 0x0000000084200000| Untracked 
|   4|0x0000000084200000, 0x0000000084300000, 0x0000000084300000|100%| O|  |TAMS 0x0000000084300000, 0x0000000084300000| Untracked 
|   5|0x0000000084300000, 0x0000000084400000, 0x0000000084400000|100%| O|  |TAMS 0x0000000084400000, 0x0000000084400000| Untracked 
|   6|0x0000000084400000, 0x0000000084500000, 0x0000000084500000|100%| O|  |TAMS 0x0000000084500000, 0x0000000084500000| Untracked 
|   7|0x0000000084500000, 0x0000000084600000, 0x0000000084600000|100%| O|  |TAMS 0x0000000084500000, 0x0000000084600000| Untracked 
|   8|0x0000000084600000, 0x0000000084700000, 0x0000000084700000|100%| O|  |TAMS 0x0000000084600000, 0x0000000084700000| Untracked 
|   9|0x0000000084700000, 0x0000000084800000, 0x0000000084800000|100%| O|  |TAMS 0x0000000084700000, 0x0000000084800000| Untracked 
|  10|0x0000000084800000, 0x0000000084900000, 0x0000000084900000|100%| O|  |TAMS 0x0000000084800000, 0x0000000084900000| Untracked 
|  11|0x0000000084900000, 0x0000000084a00000, 0x0000000084a00000|100%| O|  |TAMS 0x0000000084900000, 0x0000000084a00000| Untracked 
|  12|0x0000000084a00000, 0x0000000084b00000, 0x0000000084b00000|100%| O|  |TAMS 0x0000000084a00000, 0x0000000084b00000| Untracked 
|  13|0x0000000084b00000, 0x0000000084c00000, 0x0000000084c00000|100%| O|  |TAMS 0x0000000084b00000, 0x0000000084c00000| Untracked 
|  14|0x0000000084c00000, 0x0000000084d00000, 0x0000000084d00000|100%| O|  |TAMS 0x0000000084c00000, 0x0000000084d00000| Untracked 
|  15|0x0000000084d00000, 0x0000000084e00000, 0x0000000084e00000|100%| O|  |TAMS 0x0000000084d00000, 0x0000000084e00000| Untracked 
|  16|0x0000000084e00000, 0x0000000084f00000, 0x0000000084f00000|100%| O|  |TAMS 0x0000000084e00000, 0x0000000084f00000| Untracked 
|  17|0x0000000084f00000, 0x0000000085000000, 0x0000000085000000|100%| O|  |TAMS 0x0000000084f00000, 0x0000000085000000| Untracked 
|  18|0x0000000085000000, 0x0000000085100000, 0x0000000085100000|100%| O|  |TAMS 0x0000000085000000, 0x0000000085100000| Untracked 
|  19|0x0000000085100000, 0x0000000085200000, 0x0000000085200000|100%| O|  |TAMS 0x0000000085100000, 0x0000000085200000| Untracked 
|  20|0x0000000085200000, 0x0000000085300000, 0x0000000085300000|100%| O|  |TAMS 0x0000000085200000, 0x0000000085300000| Untracked 
|  21|0x0000000085300000, 0x0000000085400000, 0x0000000085400000|100%| O|  |TAMS 0x0000000085300000, 0x0000000085400000| Untracked 
|  22|0x0000000085400000, 0x0000000085500000, 0x0000000085500000|100%| O|  |TAMS 0x0000000085400000, 0x0000000085500000| Untracked 
|  23|0x0000000085500000, 0x0000000085600000, 0x0000000085600000|100%| O|  |TAMS 0x0000000085500000, 0x0000000085600000| Untracked 
|  24|0x0000000085600000, 0x0000000085700000, 0x0000000085700000|100%| O|  |TAMS 0x0000000085600000, 0x0000000085700000| Untracked 
|  25|0x0000000085700000, 0x0000000085800000, 0x0000000085800000|100%| O|  |TAMS 0x0000000085700000, 0x0000000085800000| Untracked 
|  26|0x0000000085800000, 0x0000000085900000, 0x0000000085900000|100%| O|  |TAMS 0x0000000085800000, 0x0000000085900000| Untracked 
|  27|0x0000000085900000, 0x0000000085a00000, 0x0000000085a00000|100%| O|  |TAMS 0x0000000085900000, 0x0000000085a00000| Untracked 
|  28|0x0000000085a00000, 0x0000000085b00000, 0x0000000085b00000|100%| O|  |TAMS 0x0000000085a00000, 0x0000000085b00000| Untracked 
|  29|0x0000000085b00000, 0x0000000085c00000, 0x0000000085c00000|100%| O|  |TAMS 0x0000000085b00000, 0x0000000085c00000| Untracked 
|  30|0x0000000085c00000, 0x0000000085d00000, 0x0000000085d00000|100%| O|  |TAMS 0x0000000085c00000, 0x0000000085d00000| Untracked 
|  31|0x0000000085d00000, 0x0000000085e00000, 0x0000000085e00000|100%| O|  |TAMS 0x0000000085d00000, 0x0000000085e00000| Untracked 
|  32|0x0000000085e00000, 0x0000000085f00000, 0x0000000085f00000|100%| O|  |TAMS 0x0000000085e00000, 0x0000000085f00000| Untracked 
|  33|0x0000000085f00000, 0x0000000086000000, 0x0000000086000000|100%| O|  |TAMS 0x0000000085f00000, 0x0000000086000000| Untracked 
|  34|0x0000000086000000, 0x0000000086100000, 0x0000000086100000|100%| O|  |TAMS 0x0000000086000000, 0x0000000086100000| Untracked 
|  35|0x0000000086100000, 0x0000000086200000, 0x0000000086200000|100%| O|  |TAMS 0x0000000086100000, 0x0000000086200000| Untracked 
|  36|0x0000000086200000, 0x0000000086300000, 0x0000000086300000|100%| O|  |TAMS 0x0000000086200000, 0x0000000086300000| Untracked 
|  37|0x0000000086300000, 0x0000000086400000, 0x0000000086400000|100%| O|  |TAMS 0x0000000086300000, 0x0000000086400000| Untracked 
|  38|0x0000000086400000, 0x0000000086500000, 0x0000000086500000|100%| O|  |TAMS 0x0000000086400000, 0x0000000086500000| Untracked 
|  39|0x0000000086500000, 0x0000000086600000, 0x0000000086600000|100%| O|  |TAMS 0x0000000086500000, 0x0000000086600000| Untracked 
|  40|0x0000000086600000, 0x0000000086700000, 0x0000000086700000|100%| O|  |TAMS 0x0000000086600000, 0x0000000086700000| Untracked 
|  41|0x0000000086700000, 0x0000000086800000, 0x0000000086800000|100%| O|  |TAMS 0x0000000086700000, 0x0000000086800000| Untracked 
|  42|0x0000000086800000, 0x0000000086900000, 0x0000000086900000|100%| O|  |TAMS 0x0000000086800000, 0x0000000086900000| Untracked 
|  43|0x0000000086900000, 0x0000000086a00000, 0x0000000086a00000|100%| O|  |TAMS 0x0000000086900000, 0x0000000086a00000| Untracked 
|  44|0x0000000086a00000, 0x0000000086b00000, 0x0000000086b00000|100%| O|  |TAMS 0x0000000086a00000, 0x0000000086b00000| Untracked 
|  45|0x0000000086b00000, 0x0000000086c00000, 0x0000000086c00000|100%|HS|  |TAMS 0x0000000086b00000, 0x0000000086c00000| Complete 
|  46|0x0000000086c00000, 0x0000000086d00000, 0x0000000086d00000|100%|HS|  |TAMS 0x0000000086c00000, 0x0000000086d00000| Complete 
|  47|0x0000000086d00000, 0x0000000086e00000, 0x0000000086e00000|100%| O|  |TAMS 0x0000000086d00000, 0x0000000086e00000| Untracked 
|  48|0x0000000086e00000, 0x0000000086f00000, 0x0000000086f00000|100%| O|  |TAMS 0x0000000086e00000, 0x0000000086f00000| Untracked 
|  49|0x0000000086f00000, 0x0000000087000000, 0x0000000087000000|100%| O|  |TAMS 0x0000000086f00000, 0x0000000087000000| Untracked 
|  50|0x0000000087000000, 0x0000000087100000, 0x0000000087100000|100%| O|  |TAMS 0x0000000087000000, 0x0000000087100000| Untracked 
|  51|0x0000000087100000, 0x0000000087200000, 0x0000000087200000|100%| O|  |TAMS 0x0000000087100000, 0x0000000087200000| Untracked 
|  52|0x0000000087200000, 0x0000000087300000, 0x0000000087300000|100%| O|  |TAMS 0x0000000087200000, 0x0000000087300000| Untracked 
|  53|0x0000000087300000, 0x0000000087400000, 0x0000000087400000|100%| O|  |TAMS 0x0000000087300000, 0x0000000087400000| Untracked 
|  54|0x0000000087400000, 0x0000000087500000, 0x0000000087500000|100%| O|  |TAMS 0x0000000087400000, 0x0000000087500000| Untracked 
|  55|0x0000000087500000, 0x0000000087600000, 0x0000000087600000|100%| O|  |TAMS 0x0000000087500000, 0x0000000087600000| Untracked 
|  56|0x0000000087600000, 0x0000000087700000, 0x0000000087700000|100%| O|  |TAMS 0x0000000087600000, 0x0000000087700000| Untracked 
|  57|0x0000000087700000, 0x0000000087800000, 0x0000000087800000|100%| O|  |TAMS 0x0000000087700000, 0x0000000087800000| Untracked 
|  58|0x0000000087800000, 0x0000000087900000, 0x0000000087900000|100%| O|  |TAMS 0x0000000087800000, 0x0000000087900000| Untracked 
|  59|0x0000000087900000, 0x0000000087a00000, 0x0000000087a00000|100%| O|  |TAMS 0x0000000087900000, 0x0000000087a00000| Untracked 
|  60|0x0000000087a00000, 0x0000000087b00000, 0x0000000087b00000|100%| O|  |TAMS 0x0000000087a00000, 0x0000000087b00000| Untracked 
|  61|0x0000000087b00000, 0x0000000087c00000, 0x0000000087c00000|100%| O|  |TAMS 0x0000000087b00000, 0x0000000087c00000| Untracked 
|  62|0x0000000087c00000, 0x0000000087d00000, 0x0000000087d00000|100%| O|  |TAMS 0x0000000087c00000, 0x0000000087d00000| Untracked 
|  63|0x0000000087d00000, 0x0000000087e00000, 0x0000000087e00000|100%| O|  |TAMS 0x0000000087d00000, 0x0000000087e00000| Untracked 
|  64|0x0000000087e00000, 0x0000000087f00000, 0x0000000087f00000|100%| O|  |TAMS 0x0000000087e00000, 0x0000000087f00000| Untracked 
|  65|0x0000000087f00000, 0x0000000088000000, 0x0000000088000000|100%| O|  |TAMS 0x0000000087f00000, 0x0000000087ff2400| Untracked 
|  66|0x0000000088000000, 0x0000000088100000, 0x0000000088100000|100%| O|  |TAMS 0x0000000088000000, 0x0000000088000000| Untracked 
|  67|0x0000000088100000, 0x0000000088200000, 0x0000000088200000|100%| O|  |TAMS 0x0000000088100000, 0x0000000088100000| Untracked 
|  68|0x0000000088200000, 0x0000000088300000, 0x0000000088300000|100%| O|  |TAMS 0x0000000088200000, 0x0000000088200000| Untracked 
|  69|0x0000000088300000, 0x0000000088321e00, 0x0000000088400000| 13%| O|  |TAMS 0x0000000088300000, 0x0000000088300000| Untracked 
|  70|0x0000000088400000, 0x0000000088400000, 0x0000000088500000|  0%| F|  |TAMS 0x0000000088400000, 0x0000000088400000| Untracked 
|  71|0x0000000088500000, 0x0000000088500000, 0x0000000088600000|  0%| F|  |TAMS 0x0000000088500000, 0x0000000088500000| Untracked 
|  72|0x0000000088600000, 0x0000000088600000, 0x0000000088700000|  0%| F|  |TAMS 0x0000000088600000, 0x0000000088600000| Untracked 
|  73|0x0000000088700000, 0x0000000088700000, 0x0000000088800000|  0%| F|  |TAMS 0x0000000088700000, 0x0000000088700000| Untracked 
|  74|0x0000000088800000, 0x0000000088800000, 0x0000000088900000|  0%| F|  |TAMS 0x0000000088800000, 0x0000000088800000| Untracked 
|  75|0x0000000088900000, 0x0000000088900000, 0x0000000088a00000|  0%| F|  |TAMS 0x0000000088900000, 0x0000000088900000| Untracked 
|  76|0x0000000088a00000, 0x0000000088a00000, 0x0000000088b00000|  0%| F|  |TAMS 0x0000000088a00000, 0x0000000088a00000| Untracked 
|  77|0x0000000088b00000, 0x0000000088b00000, 0x0000000088c00000|  0%| F|  |TAMS 0x0000000088b00000, 0x0000000088b00000| Untracked 
|  78|0x0000000088c00000, 0x0000000088c00000, 0x0000000088d00000|  0%| F|  |TAMS 0x0000000088c00000, 0x0000000088c00000| Untracked 
|  79|0x0000000088d00000, 0x0000000088d00000, 0x0000000088e00000|  0%| F|  |TAMS 0x0000000088d00000, 0x0000000088d00000| Untracked 
|  80|0x0000000088e00000, 0x0000000088e00000, 0x0000000088f00000|  0%| F|  |TAMS 0x0000000088e00000, 0x0000000088e00000| Untracked 
|  81|0x0000000088f00000, 0x0000000088f00000, 0x0000000089000000|  0%| F|  |TAMS 0x0000000088f00000, 0x0000000088f00000| Untracked 
|  82|0x0000000089000000, 0x0000000089000000, 0x0000000089100000|  0%| F|  |TAMS 0x0000000089000000, 0x0000000089000000| Untracked 
|  83|0x0000000089100000, 0x0000000089100000, 0x0000000089200000|  0%| F|  |TAMS 0x0000000089100000, 0x0000000089100000| Untracked 
|  84|0x0000000089200000, 0x0000000089200000, 0x0000000089300000|  0%| F|  |TAMS 0x0000000089200000, 0x0000000089200000| Untracked 
|  85|0x0000000089300000, 0x0000000089300000, 0x0000000089400000|  0%| F|  |TAMS 0x0000000089300000, 0x0000000089300000| Untracked 
|  86|0x0000000089400000, 0x0000000089400000, 0x0000000089500000|  0%| F|  |TAMS 0x0000000089400000, 0x0000000089400000| Untracked 
|  87|0x0000000089500000, 0x0000000089500000, 0x0000000089600000|  0%| F|  |TAMS 0x0000000089500000, 0x0000000089500000| Untracked 
|  88|0x0000000089600000, 0x0000000089600000, 0x0000000089700000|  0%| F|  |TAMS 0x0000000089600000, 0x0000000089600000| Untracked 
|  89|0x0000000089700000, 0x0000000089700000, 0x0000000089800000|  0%| F|  |TAMS 0x0000000089700000, 0x0000000089700000| Untracked 
|  90|0x0000000089800000, 0x0000000089800000, 0x0000000089900000|  0%| F|  |TAMS 0x0000000089800000, 0x0000000089800000| Untracked 
|  91|0x0000000089900000, 0x0000000089900000, 0x0000000089a00000|  0%| F|  |TAMS 0x0000000089900000, 0x0000000089900000| Untracked 
|  92|0x0000000089a00000, 0x0000000089a00000, 0x0000000089b00000|  0%| F|  |TAMS 0x0000000089a00000, 0x0000000089a00000| Untracked 
|  93|0x0000000089b00000, 0x0000000089b00000, 0x0000000089c00000|  0%| F|  |TAMS 0x0000000089b00000, 0x0000000089b00000| Untracked 
|  94|0x0000000089c00000, 0x0000000089c00000, 0x0000000089d00000|  0%| F|  |TAMS 0x0000000089c00000, 0x0000000089c00000| Untracked 
|  95|0x0000000089d00000, 0x0000000089d00000, 0x0000000089e00000|  0%| F|  |TAMS 0x0000000089d00000, 0x0000000089d00000| Untracked 
|  96|0x0000000089e00000, 0x0000000089e00000, 0x0000000089f00000|  0%| F|  |TAMS 0x0000000089e00000, 0x0000000089e00000| Untracked 
|  97|0x0000000089f00000, 0x0000000089f00000, 0x000000008a000000|  0%| F|  |TAMS 0x0000000089f00000, 0x0000000089f00000| Untracked 
|  98|0x000000008a000000, 0x000000008a000000, 0x000000008a100000|  0%| F|  |TAMS 0x000000008a000000, 0x000000008a000000| Untracked 
|  99|0x000000008a100000, 0x000000008a100000, 0x000000008a200000|  0%| F|  |TAMS 0x000000008a100000, 0x000000008a100000| Untracked 
| 100|0x000000008a200000, 0x000000008a200000, 0x000000008a300000|  0%| F|  |TAMS 0x000000008a200000, 0x000000008a200000| Untracked 
| 101|0x000000008a300000, 0x000000008a300000, 0x000000008a400000|  0%| F|  |TAMS 0x000000008a300000, 0x000000008a300000| Untracked 
| 102|0x000000008a400000, 0x000000008a400000, 0x000000008a500000|  0%| F|  |TAMS 0x000000008a400000, 0x000000008a400000| Untracked 
| 103|0x000000008a500000, 0x000000008a500000, 0x000000008a600000|  0%| F|  |TAMS 0x000000008a500000, 0x000000008a500000| Untracked 
| 104|0x000000008a600000, 0x000000008a600000, 0x000000008a700000|  0%| F|  |TAMS 0x000000008a600000, 0x000000008a600000| Untracked 
| 105|0x000000008a700000, 0x000000008a700000, 0x000000008a800000|  0%| F|  |TAMS 0x000000008a700000, 0x000000008a700000| Untracked 
| 106|0x000000008a800000, 0x000000008a800000, 0x000000008a900000|  0%| F|  |TAMS 0x000000008a800000, 0x000000008a800000| Untracked 
| 107|0x000000008a900000, 0x000000008a900000, 0x000000008aa00000|  0%| F|  |TAMS 0x000000008a900000, 0x000000008a900000| Untracked 
| 108|0x000000008aa00000, 0x000000008aa00000, 0x000000008ab00000|  0%| F|  |TAMS 0x000000008aa00000, 0x000000008aa00000| Untracked 
| 109|0x000000008ab00000, 0x000000008ab00000, 0x000000008ac00000|  0%| F|  |TAMS 0x000000008ab00000, 0x000000008ab00000| Untracked 
| 110|0x000000008ac00000, 0x000000008ac00000, 0x000000008ad00000|  0%| F|  |TAMS 0x000000008ac00000, 0x000000008ac00000| Untracked 
| 111|0x000000008ad00000, 0x000000008ad00000, 0x000000008ae00000|  0%| F|  |TAMS 0x000000008ad00000, 0x000000008ad00000| Untracked 
| 112|0x000000008ae00000, 0x000000008ae00000, 0x000000008af00000|  0%| F|  |TAMS 0x000000008ae00000, 0x000000008ae00000| Untracked 
| 113|0x000000008af00000, 0x000000008af00000, 0x000000008b000000|  0%| F|  |TAMS 0x000000008af00000, 0x000000008af00000| Untracked 
| 114|0x000000008b000000, 0x000000008b000000, 0x000000008b100000|  0%| F|  |TAMS 0x000000008b000000, 0x000000008b000000| Untracked 
| 115|0x000000008b100000, 0x000000008b100000, 0x000000008b200000|  0%| F|  |TAMS 0x000000008b100000, 0x000000008b100000| Untracked 
| 116|0x000000008b200000, 0x000000008b200000, 0x000000008b300000|  0%| F|  |TAMS 0x000000008b200000, 0x000000008b200000| Untracked 
| 117|0x000000008b300000, 0x000000008b300000, 0x000000008b400000|  0%| F|  |TAMS 0x000000008b300000, 0x000000008b300000| Untracked 
| 118|0x000000008b400000, 0x000000008b400000, 0x000000008b500000|  0%| F|  |TAMS 0x000000008b400000, 0x000000008b400000| Untracked 
| 119|0x000000008b500000, 0x000000008b500000, 0x000000008b600000|  0%| F|  |TAMS 0x000000008b500000, 0x000000008b500000| Untracked 
| 120|0x000000008b600000, 0x000000008b600000, 0x000000008b700000|  0%| F|  |TAMS 0x000000008b600000, 0x000000008b600000| Untracked 
| 121|0x000000008b700000, 0x000000008b700000, 0x000000008b800000|  0%| F|  |TAMS 0x000000008b700000, 0x000000008b700000| Untracked 
| 122|0x000000008b800000, 0x000000008b800000, 0x000000008b900000|  0%| F|  |TAMS 0x000000008b800000, 0x000000008b800000| Untracked 
| 123|0x000000008b900000, 0x000000008b900000, 0x000000008ba00000|  0%| F|  |TAMS 0x000000008b900000, 0x000000008b900000| Untracked 
| 124|0x000000008ba00000, 0x000000008ba00000, 0x000000008bb00000|  0%| F|  |TAMS 0x000000008ba00000, 0x000000008ba00000| Untracked 
| 125|0x000000008bb00000, 0x000000008bb00000, 0x000000008bc00000|  0%| F|  |TAMS 0x000000008bb00000, 0x000000008bb00000| Untracked 
| 126|0x000000008bc00000, 0x000000008bc00000, 0x000000008bd00000|  0%| F|  |TAMS 0x000000008bc00000, 0x000000008bc00000| Untracked 
| 127|0x000000008bd00000, 0x000000008bd00000, 0x000000008be00000|  0%| F|  |TAMS 0x000000008bd00000, 0x000000008bd00000| Untracked 
| 128|0x000000008be00000, 0x000000008be00000, 0x000000008bf00000|  0%| F|  |TAMS 0x000000008be00000, 0x000000008be00000| Untracked 
| 129|0x000000008bf00000, 0x000000008bf00000, 0x000000008c000000|  0%| F|  |TAMS 0x000000008bf00000, 0x000000008bf00000| Untracked 
| 130|0x000000008c000000, 0x000000008c000000, 0x000000008c100000|  0%| F|  |TAMS 0x000000008c000000, 0x000000008c000000| Untracked 
| 131|0x000000008c100000, 0x000000008c100000, 0x000000008c200000|  0%| F|  |TAMS 0x000000008c100000, 0x000000008c100000| Untracked 
| 132|0x000000008c200000, 0x000000008c200000, 0x000000008c300000|  0%| F|  |TAMS 0x000000008c200000, 0x000000008c200000| Untracked 
| 133|0x000000008c300000, 0x000000008c300000, 0x000000008c400000|  0%| F|  |TAMS 0x000000008c300000, 0x000000008c300000| Untracked 
| 134|0x000000008c400000, 0x000000008c400000, 0x000000008c500000|  0%| F|  |TAMS 0x000000008c400000, 0x000000008c400000| Untracked 
| 135|0x000000008c500000, 0x000000008c500000, 0x000000008c600000|  0%| F|  |TAMS 0x000000008c500000, 0x000000008c500000| Untracked 
| 136|0x000000008c600000, 0x000000008c600000, 0x000000008c700000|  0%| F|  |TAMS 0x000000008c600000, 0x000000008c600000| Untracked 
| 137|0x000000008c700000, 0x000000008c700000, 0x000000008c800000|  0%| F|  |TAMS 0x000000008c700000, 0x000000008c700000| Untracked 
| 138|0x000000008c800000, 0x000000008c800000, 0x000000008c900000|  0%| F|  |TAMS 0x000000008c800000, 0x000000008c800000| Untracked 
| 139|0x000000008c900000, 0x000000008c900000, 0x000000008ca00000|  0%| F|  |TAMS 0x000000008c900000, 0x000000008c900000| Untracked 
| 140|0x000000008ca00000, 0x000000008ca00000, 0x000000008cb00000|  0%| F|  |TAMS 0x000000008ca00000, 0x000000008ca00000| Untracked 
| 141|0x000000008cb00000, 0x000000008cb00000, 0x000000008cc00000|  0%| F|  |TAMS 0x000000008cb00000, 0x000000008cb00000| Untracked 
| 142|0x000000008cc00000, 0x000000008cc00000, 0x000000008cd00000|  0%| F|  |TAMS 0x000000008cc00000, 0x000000008cc00000| Untracked 
| 143|0x000000008cd00000, 0x000000008cd00000, 0x000000008ce00000|  0%| F|  |TAMS 0x000000008cd00000, 0x000000008cd00000| Untracked 
| 144|0x000000008ce00000, 0x000000008ce00000, 0x000000008cf00000|  0%| F|  |TAMS 0x000000008ce00000, 0x000000008ce00000| Untracked 
| 145|0x000000008cf00000, 0x000000008cf00000, 0x000000008d000000|  0%| F|  |TAMS 0x000000008cf00000, 0x000000008cf00000| Untracked 
| 146|0x000000008d000000, 0x000000008d000000, 0x000000008d100000|  0%| F|  |TAMS 0x000000008d000000, 0x000000008d000000| Untracked 
| 147|0x000000008d100000, 0x000000008d100000, 0x000000008d200000|  0%| F|  |TAMS 0x000000008d100000, 0x000000008d100000| Untracked 
| 148|0x000000008d200000, 0x000000008d200000, 0x000000008d300000|  0%| F|  |TAMS 0x000000008d200000, 0x000000008d200000| Untracked 
| 149|0x000000008d300000, 0x000000008d300000, 0x000000008d400000|  0%| F|  |TAMS 0x000000008d300000, 0x000000008d300000| Untracked 
| 150|0x000000008d400000, 0x000000008d400000, 0x000000008d500000|  0%| F|  |TAMS 0x000000008d400000, 0x000000008d400000| Untracked 
| 151|0x000000008d500000, 0x000000008d500000, 0x000000008d600000|  0%| F|  |TAMS 0x000000008d500000, 0x000000008d500000| Untracked 
| 152|0x000000008d600000, 0x000000008d600000, 0x000000008d700000|  0%| F|  |TAMS 0x000000008d600000, 0x000000008d600000| Untracked 
| 153|0x000000008d700000, 0x000000008d700000, 0x000000008d800000|  0%| F|  |TAMS 0x000000008d700000, 0x000000008d700000| Untracked 
| 154|0x000000008d800000, 0x000000008d800000, 0x000000008d900000|  0%| F|  |TAMS 0x000000008d800000, 0x000000008d800000| Untracked 
| 155|0x000000008d900000, 0x000000008d900000, 0x000000008da00000|  0%| F|  |TAMS 0x000000008d900000, 0x000000008d900000| Untracked 
| 156|0x000000008da00000, 0x000000008da00000, 0x000000008db00000|  0%| F|  |TAMS 0x000000008da00000, 0x000000008da00000| Untracked 
| 157|0x000000008db00000, 0x000000008db00000, 0x000000008dc00000|  0%| F|  |TAMS 0x000000008db00000, 0x000000008db00000| Untracked 
| 158|0x000000008dc00000, 0x000000008dc00000, 0x000000008dd00000|  0%| F|  |TAMS 0x000000008dc00000, 0x000000008dc00000| Untracked 
| 159|0x000000008dd00000, 0x000000008dd00000, 0x000000008de00000|  0%| F|  |TAMS 0x000000008dd00000, 0x000000008dd00000| Untracked 
| 160|0x000000008de00000, 0x000000008de00000, 0x000000008df00000|  0%| F|  |TAMS 0x000000008de00000, 0x000000008de00000| Untracked 
| 161|0x000000008df00000, 0x000000008df00000, 0x000000008e000000|  0%| F|  |TAMS 0x000000008df00000, 0x000000008df00000| Untracked 
| 162|0x000000008e000000, 0x000000008e000000, 0x000000008e100000|  0%| F|  |TAMS 0x000000008e000000, 0x000000008e000000| Untracked 
| 163|0x000000008e100000, 0x000000008e15f880, 0x000000008e200000| 37%| S|CS|TAMS 0x000000008e100000, 0x000000008e100000| Complete 
| 164|0x000000008e200000, 0x000000008e300000, 0x000000008e300000|100%| S|CS|TAMS 0x000000008e200000, 0x000000008e200000| Complete 
| 165|0x000000008e300000, 0x000000008e400000, 0x000000008e400000|100%| S|CS|TAMS 0x000000008e300000, 0x000000008e300000| Complete 
| 166|0x000000008e400000, 0x000000008e500000, 0x000000008e500000|100%| S|CS|TAMS 0x000000008e400000, 0x000000008e400000| Complete 
| 167|0x000000008e500000, 0x000000008e600000, 0x000000008e600000|100%| S|CS|TAMS 0x000000008e500000, 0x000000008e500000| Complete 
| 168|0x000000008e600000, 0x000000008e700000, 0x000000008e700000|100%| S|CS|TAMS 0x000000008e600000, 0x000000008e600000| Complete 
| 169|0x000000008e700000, 0x000000008e700000, 0x000000008e800000|  0%| F|  |TAMS 0x000000008e700000, 0x000000008e700000| Untracked 
| 170|0x000000008e800000, 0x000000008e800000, 0x000000008e900000|  0%| F|  |TAMS 0x000000008e800000, 0x000000008e800000| Untracked 
| 171|0x000000008e900000, 0x000000008e900000, 0x000000008ea00000|  0%| F|  |TAMS 0x000000008e900000, 0x000000008e900000| Untracked 
| 172|0x000000008ea00000, 0x000000008ea00000, 0x000000008eb00000|  0%| F|  |TAMS 0x000000008ea00000, 0x000000008ea00000| Untracked 
| 173|0x000000008eb00000, 0x000000008eb00000, 0x000000008ec00000|  0%| F|  |TAMS 0x000000008eb00000, 0x000000008eb00000| Untracked 
| 174|0x000000008ec00000, 0x000000008ec00000, 0x000000008ed00000|  0%| F|  |TAMS 0x000000008ec00000, 0x000000008ec00000| Untracked 
| 175|0x000000008ed00000, 0x000000008ed00000, 0x000000008ee00000|  0%| F|  |TAMS 0x000000008ed00000, 0x000000008ed00000| Untracked 
| 176|0x000000008ee00000, 0x000000008ee00000, 0x000000008ef00000|  0%| F|  |TAMS 0x000000008ee00000, 0x000000008ee00000| Untracked 
| 177|0x000000008ef00000, 0x000000008ef00000, 0x000000008f000000|  0%| F|  |TAMS 0x000000008ef00000, 0x000000008ef00000| Untracked 
| 178|0x000000008f000000, 0x000000008f000000, 0x000000008f100000|  0%| F|  |TAMS 0x000000008f000000, 0x000000008f000000| Untracked 
| 179|0x000000008f100000, 0x000000008f100000, 0x000000008f200000|  0%| F|  |TAMS 0x000000008f100000, 0x000000008f100000| Untracked 
| 180|0x000000008f200000, 0x000000008f200000, 0x000000008f300000|  0%| F|  |TAMS 0x000000008f200000, 0x000000008f200000| Untracked 
| 181|0x000000008f300000, 0x000000008f300000, 0x000000008f400000|  0%| F|  |TAMS 0x000000008f300000, 0x000000008f300000| Untracked 
| 182|0x000000008f400000, 0x000000008f400000, 0x000000008f500000|  0%| F|  |TAMS 0x000000008f400000, 0x000000008f400000| Untracked 
| 183|0x000000008f500000, 0x000000008f500000, 0x000000008f600000|  0%| F|  |TAMS 0x000000008f500000, 0x000000008f500000| Untracked 
| 184|0x000000008f600000, 0x000000008f600000, 0x000000008f700000|  0%| F|  |TAMS 0x000000008f600000, 0x000000008f600000| Untracked 
| 185|0x000000008f700000, 0x000000008f700000, 0x000000008f800000|  0%| F|  |TAMS 0x000000008f700000, 0x000000008f700000| Untracked 
| 186|0x000000008f800000, 0x000000008f800000, 0x000000008f900000|  0%| F|  |TAMS 0x000000008f800000, 0x000000008f800000| Untracked 
| 187|0x000000008f900000, 0x000000008f900000, 0x000000008fa00000|  0%| F|  |TAMS 0x000000008f900000, 0x000000008f900000| Untracked 
| 188|0x000000008fa00000, 0x000000008fa00000, 0x000000008fb00000|  0%| F|  |TAMS 0x000000008fa00000, 0x000000008fa00000| Untracked 
| 189|0x000000008fb00000, 0x000000008fb00000, 0x000000008fc00000|  0%| F|  |TAMS 0x000000008fb00000, 0x000000008fb00000| Untracked 
| 190|0x000000008fc00000, 0x000000008fc00000, 0x000000008fd00000|  0%| F|  |TAMS 0x000000008fc00000, 0x000000008fc00000| Untracked 
| 191|0x000000008fd00000, 0x000000008fd00000, 0x000000008fe00000|  0%| F|  |TAMS 0x000000008fd00000, 0x000000008fd00000| Untracked 
| 192|0x000000008fe00000, 0x000000008fe00000, 0x000000008ff00000|  0%| F|  |TAMS 0x000000008fe00000, 0x000000008fe00000| Untracked 
| 193|0x000000008ff00000, 0x000000008ff00000, 0x0000000090000000|  0%| F|  |TAMS 0x000000008ff00000, 0x000000008ff00000| Untracked 
| 194|0x0000000090000000, 0x0000000090000000, 0x0000000090100000|  0%| F|  |TAMS 0x0000000090000000, 0x0000000090000000| Untracked 
| 195|0x0000000090100000, 0x0000000090100000, 0x0000000090200000|  0%| F|  |TAMS 0x0000000090100000, 0x0000000090100000| Untracked 
| 196|0x0000000090200000, 0x0000000090200000, 0x0000000090300000|  0%| F|  |TAMS 0x0000000090200000, 0x0000000090200000| Untracked 
| 197|0x0000000090300000, 0x0000000090300000, 0x0000000090400000|  0%| F|  |TAMS 0x0000000090300000, 0x0000000090300000| Untracked 
| 198|0x0000000090400000, 0x0000000090400000, 0x0000000090500000|  0%| F|  |TAMS 0x0000000090400000, 0x0000000090400000| Untracked 
| 199|0x0000000090500000, 0x0000000090500000, 0x0000000090600000|  0%| F|  |TAMS 0x0000000090500000, 0x0000000090500000| Untracked 
| 200|0x0000000090600000, 0x0000000090600000, 0x0000000090700000|  0%| F|  |TAMS 0x0000000090600000, 0x0000000090600000| Untracked 
| 201|0x0000000090700000, 0x0000000090700000, 0x0000000090800000|  0%| F|  |TAMS 0x0000000090700000, 0x0000000090700000| Untracked 
| 202|0x0000000090800000, 0x0000000090800000, 0x0000000090900000|  0%| F|  |TAMS 0x0000000090800000, 0x0000000090800000| Untracked 
| 203|0x0000000090900000, 0x0000000090900000, 0x0000000090a00000|  0%| F|  |TAMS 0x0000000090900000, 0x0000000090900000| Untracked 
| 204|0x0000000090a00000, 0x0000000090a00000, 0x0000000090b00000|  0%| F|  |TAMS 0x0000000090a00000, 0x0000000090a00000| Untracked 
| 205|0x0000000090b00000, 0x0000000090b00000, 0x0000000090c00000|  0%| F|  |TAMS 0x0000000090b00000, 0x0000000090b00000| Untracked 
| 206|0x0000000090c00000, 0x0000000090c00000, 0x0000000090d00000|  0%| F|  |TAMS 0x0000000090c00000, 0x0000000090c00000| Untracked 
| 207|0x0000000090d00000, 0x0000000090d00000, 0x0000000090e00000|  0%| F|  |TAMS 0x0000000090d00000, 0x0000000090d00000| Untracked 
| 208|0x0000000090e00000, 0x0000000090e00000, 0x0000000090f00000|  0%| F|  |TAMS 0x0000000090e00000, 0x0000000090e00000| Untracked 
| 209|0x0000000090f00000, 0x0000000090f00000, 0x0000000091000000|  0%| F|  |TAMS 0x0000000090f00000, 0x0000000090f00000| Untracked 
| 210|0x0000000091000000, 0x0000000091000000, 0x0000000091100000|  0%| F|  |TAMS 0x0000000091000000, 0x0000000091000000| Untracked 
| 211|0x0000000091100000, 0x0000000091100000, 0x0000000091200000|  0%| F|  |TAMS 0x0000000091100000, 0x0000000091100000| Untracked 
| 212|0x0000000091200000, 0x0000000091200000, 0x0000000091300000|  0%| F|  |TAMS 0x0000000091200000, 0x0000000091200000| Untracked 
| 213|0x0000000091300000, 0x0000000091300000, 0x0000000091400000|  0%| F|  |TAMS 0x0000000091300000, 0x0000000091300000| Untracked 
| 214|0x0000000091400000, 0x0000000091400000, 0x0000000091500000|  0%| F|  |TAMS 0x0000000091400000, 0x0000000091400000| Untracked 
| 215|0x0000000091500000, 0x0000000091500000, 0x0000000091600000|  0%| F|  |TAMS 0x0000000091500000, 0x0000000091500000| Untracked 
| 216|0x0000000091600000, 0x0000000091600000, 0x0000000091700000|  0%| F|  |TAMS 0x0000000091600000, 0x0000000091600000| Untracked 
| 217|0x0000000091700000, 0x0000000091700000, 0x0000000091800000|  0%| F|  |TAMS 0x0000000091700000, 0x0000000091700000| Untracked 

Card table byte_map: [0x0000017b13090000,0x0000017b13480000] _byte_map_base: 0x0000017b12c71000

Marking Bits (Prev, Next): (CMBitMap*) 0x0000017b0cf540e0, (CMBitMap*) 0x0000017b0cf540a0
 Prev Bits: [0x0000017b15780000, 0x0000017b17688000)
 Next Bits: [0x0000017b13870000, 0x0000017b15778000)

Polling page: 0x0000017b0ae90000

Metaspace:

Usage:
  Non-class:     30.42 MB used.
      Class:      4.52 MB used.
       Both:     34.94 MB used.

Virtual space:
  Non-class space:       32.00 MB reserved,      30.62 MB ( 96%) committed,  4 nodes.
      Class space:        1.00 GB reserved,       4.69 MB ( <1%) committed,  1 nodes.
             Both:        1.03 GB reserved,      35.31 MB (  3%) committed. 

Chunk freelists:
   Non-Class:  1008.00 KB
       Class:  3.16 MB
        Both:  4.15 MB

MaxMetaspaceSize: unlimited
CompressedClassSpaceSize: 1.00 GB
Initial GC threshold: 21.00 MB
Current GC threshold: 35.56 MB
CDS: off
MetaspaceReclaimPolicy: balanced
 - commit_granule_bytes: 65536.
 - commit_granule_words: 8192.
 - virtual_space_node_default_size: 1048576.
 - enlarge_chunks_in_place: 1.
 - new_chunks_are_fully_committed: 0.
 - uncommit_free_chunks: 1.
 - use_allocation_guard: 0.
 - handle_deallocations: 1.


Internal statistics:

num_allocs_failed_limit: 6.
num_arena_births: 338.
num_arena_deaths: 0.
num_vsnodes_births: 5.
num_vsnodes_deaths: 0.
num_space_committed: 565.
num_space_uncommitted: 0.
num_chunks_returned_to_freelist: 6.
num_chunks_taken_from_freelist: 1349.
num_chunk_merges: 6.
num_chunk_splits: 933.
num_chunks_enlarged: 729.
num_purges: 0.
num_inconsistent_stats: 0.

CodeCache: size=49152Kb used=9087Kb max_used=9087Kb free=40064Kb
 bounds [0x0000017b0fb90000, 0x0000017b10470000, 0x0000017b12b90000]
 total_blobs=4242 nmethods=3716 adapters=450
 compilation: enabled
              stopped_count=0, restarted_count=0
 full_count=0

Compilation events (20 events):
Event: 8.439 Thread 0x0000017b1ac357f0 nmethod 3704 0x0000017b10465c10 code [0x0000017b10465da0, 0x0000017b10465ec8]
Event: 8.439 Thread 0x0000017b1ac357f0 3705   !   1       jdk.internal.module.SystemModuleFinders$SystemModuleReader::toInputStream (43 bytes)
Event: 8.440 Thread 0x0000017b1ac62fc0 nmethod 3706 0x0000017b10465f90 code [0x0000017b10466180, 0x0000017b10466518]
Event: 8.440 Thread 0x0000017b1ac62fc0 3710  s!   1       jdk.internal.loader.URLClassPath::getLoader (196 bytes)
Event: 8.440 Thread 0x0000017b1ac357f0 nmethod 3705 0x0000017b10466710 code [0x0000017b10466900, 0x0000017b10466e28]
Event: 8.440 Thread 0x0000017b1ac357f0 3707   !   1       nonapi.io.github.classgraph.fileslice.reader.ClassfileReader::close (43 bytes)
Event: 8.441 Thread 0x0000017b1ac357f0 nmethod 3707 0x0000017b10467110 code [0x0000017b104672c0, 0x0000017b10467498]
Event: 8.442 Thread 0x0000017b1b6df510 nmethod 3708 0x0000017b10467590 code [0x0000017b10467900, 0x0000017b10468728]
Event: 8.442 Thread 0x0000017b1ac62fc0 nmethod 3710 0x0000017b10468f10 code [0x0000017b104691c0, 0x0000017b10469bd8]
Event: 8.442 Thread 0x0000017b1b7062d0 nmethod 3709 0x0000017b1046a510 code [0x0000017b1046a9a0, 0x0000017b1046ba18]
Event: 8.517 Thread 0x0000017b1b7062d0 3711       1       java.util.concurrent.ConcurrentHashMap::resizeStamp (9 bytes)
Event: 8.517 Thread 0x0000017b1b7062d0 nmethod 3711 0x0000017b1046ca10 code [0x0000017b1046cba0, 0x0000017b1046cc68]
Event: 8.545 Thread 0x0000017b1ac62fc0 3712       1       java.lang.AbstractStringBuilder::appendChars (130 bytes)
Event: 8.545 Thread 0x0000017b1b7062d0 3713       1       java.lang.AbstractStringBuilder::append (33 bytes)
Event: 8.545 Thread 0x0000017b1ac357f0 3714       1       com.google.gson.stream.JsonReader::readEscapeCharacter (389 bytes)
Event: 8.546 Thread 0x0000017b1b7062d0 nmethod 3713 0x0000017b1046cd10 code [0x0000017b1046cec0, 0x0000017b1046d028]
Event: 8.546 Thread 0x0000017b1ac62fc0 nmethod 3712 0x0000017b1046d110 code [0x0000017b1046d2e0, 0x0000017b1046d6e8]
Event: 8.547 Thread 0x0000017b1ac357f0 nmethod 3714 0x0000017b1046db10 code [0x0000017b1046de60, 0x0000017b1046eb38]
Event: 8.552 Thread 0x0000017b1ac62fc0 3716   !   1       java.lang.ClassLoader::addClass (27 bytes)
Event: 8.552 Thread 0x0000017b1ac62fc0 nmethod 3716 0x0000017b1046f590 code [0x0000017b1046f740, 0x0000017b1046f908]

GC Heap History (20 events):
Event: 7.947 GC heap after
{Heap after GC invocations=8 (full 0):
 garbage-first heap   total 48128K, used 17602K [0x0000000083e00000, 0x0000000100000000)
  region size 1024K, 2 young (2048K), 2 survivors (2048K)
 Metaspace       used 31453K, committed 31744K, reserved 1081344K
  class space    used 3992K, committed 4096K, reserved 1048576K
}
Event: 8.029 GC heap before
{Heap before GC invocations=8 (full 0):
 garbage-first heap   total 48128K, used 33986K [0x0000000083e00000, 0x0000000100000000)
  region size 1024K, 18 young (18432K), 2 survivors (2048K)
 Metaspace       used 32528K, committed 32832K, reserved 1081344K
  class space    used 4108K, committed 4224K, reserved 1048576K
}
Event: 8.034 GC heap after
{Heap after GC invocations=9 (full 0):
 garbage-first heap   total 48128K, used 20294K [0x0000000083e00000, 0x0000000100000000)
  region size 1024K, 3 young (3072K), 3 survivors (3072K)
 Metaspace       used 32528K, committed 32832K, reserved 1081344K
  class space    used 4108K, committed 4224K, reserved 1048576K
}
Event: 8.052 GC heap before
{Heap before GC invocations=9 (full 0):
 garbage-first heap   total 48128K, used 33606K [0x0000000083e00000, 0x0000000100000000)
  region size 1024K, 17 young (17408K), 3 survivors (3072K)
 Metaspace       used 32529K, committed 32832K, reserved 1081344K
  class space    used 4108K, committed 4224K, reserved 1048576K
}
Event: 8.060 GC heap after
{Heap after GC invocations=10 (full 0):
 garbage-first heap   total 91136K, used 23786K [0x0000000083e00000, 0x0000000100000000)
  region size 1024K, 3 young (3072K), 3 survivors (3072K)
 Metaspace       used 32529K, committed 32832K, reserved 1081344K
  class space    used 4108K, committed 4224K, reserved 1048576K
}
Event: 8.134 GC heap before
{Heap before GC invocations=10 (full 0):
 garbage-first heap   total 91136K, used 64746K [0x0000000083e00000, 0x0000000100000000)
  region size 1024K, 43 young (44032K), 3 survivors (3072K)
 Metaspace       used 32919K, committed 33280K, reserved 1081344K
  class space    used 4173K, committed 4352K, reserved 1048576K
}
Event: 8.145 GC heap after
{Heap after GC invocations=11 (full 0):
 garbage-first heap   total 91136K, used 30964K [0x0000000083e00000, 0x0000000100000000)
  region size 1024K, 6 young (6144K), 6 survivors (6144K)
 Metaspace       used 32919K, committed 33280K, reserved 1081344K
  class space    used 4173K, committed 4352K, reserved 1048576K
}
Event: 8.184 GC heap before
{Heap before GC invocations=11 (full 0):
 garbage-first heap   total 91136K, used 61684K [0x0000000083e00000, 0x0000000100000000)
  region size 1024K, 36 young (36864K), 6 survivors (6144K)
 Metaspace       used 33386K, committed 33728K, reserved 1081344K
  class space    used 4243K, committed 4416K, reserved 1048576K
}
Event: 8.192 GC heap after
{Heap after GC invocations=12 (full 0):
 garbage-first heap   total 91136K, used 37215K [0x0000000083e00000, 0x0000000100000000)
  region size 1024K, 5 young (5120K), 5 survivors (5120K)
 Metaspace       used 33386K, committed 33728K, reserved 1081344K
  class space    used 4243K, committed 4416K, reserved 1048576K
}
Event: 8.224 GC heap before
{Heap before GC invocations=12 (full 0):
 garbage-first heap   total 91136K, used 64863K [0x0000000083e00000, 0x0000000100000000)
  region size 1024K, 32 young (32768K), 5 survivors (5120K)
 Metaspace       used 33726K, committed 34048K, reserved 1081344K
  class space    used 4297K, committed 4480K, reserved 1048576K
}
Event: 8.231 GC heap after
{Heap after GC invocations=13 (full 0):
 garbage-first heap   total 91136K, used 44643K [0x0000000083e00000, 0x0000000100000000)
  region size 1024K, 4 young (4096K), 4 survivors (4096K)
 Metaspace       used 33726K, committed 34048K, reserved 1081344K
  class space    used 4297K, committed 4480K, reserved 1048576K
}
Event: 8.334 GC heap before
{Heap before GC invocations=13 (full 0):
 garbage-first heap   total 91136K, used 62051K [0x0000000083e00000, 0x0000000100000000)
  region size 1024K, 23 young (23552K), 4 survivors (4096K)
 Metaspace       used 34537K, committed 34944K, reserved 1081344K
  class space    used 4409K, committed 4608K, reserved 1048576K
}
Event: 8.341 GC heap after
{Heap after GC invocations=14 (full 0):
 garbage-first heap   total 223232K, used 49704K [0x0000000083e00000, 0x0000000100000000)
  region size 1024K, 4 young (4096K), 4 survivors (4096K)
 Metaspace       used 34537K, committed 34944K, reserved 1081344K
  class space    used 4409K, committed 4608K, reserved 1048576K
}
Event: 8.451 GC heap before
{Heap before GC invocations=14 (full 0):
 garbage-first heap   total 223232K, used 145960K [0x0000000083e00000, 0x0000000100000000)
  region size 1024K, 97 young (99328K), 4 survivors (4096K)
 Metaspace       used 35280K, committed 35584K, reserved 1081344K
  class space    used 4525K, committed 4672K, reserved 1048576K
}
Event: 8.477 GC heap after
{Heap after GC invocations=15 (full 0):
 garbage-first heap   total 223232K, used 67295K [0x0000000083e00000, 0x0000000100000000)
  region size 1024K, 13 young (13312K), 13 survivors (13312K)
 Metaspace       used 35280K, committed 35584K, reserved 1081344K
  class space    used 4525K, committed 4672K, reserved 1048576K
}
Event: 8.505 GC heap before
{Heap before GC invocations=15 (full 0):
 garbage-first heap   total 223232K, used 148191K [0x0000000083e00000, 0x0000000100000000)
  region size 1024K, 93 young (95232K), 13 survivors (13312K)
 Metaspace       used 35418K, committed 35776K, reserved 1081344K
  class space    used 4557K, committed 4736K, reserved 1048576K
}
Event: 8.513 GC heap after
{Heap after GC invocations=16 (full 0):
 garbage-first heap   total 223232K, used 71621K [0x0000000083e00000, 0x0000000100000000)
  region size 1024K, 4 young (4096K), 4 survivors (4096K)
 Metaspace       used 35418K, committed 35776K, reserved 1081344K
  class space    used 4557K, committed 4736K, reserved 1048576K
}
Event: 8.541 GC heap before
{Heap before GC invocations=16 (full 0):
 garbage-first heap   total 223232K, used 156613K [0x0000000083e00000, 0x0000000100000000)
  region size 1024K, 88 young (90112K), 4 survivors (4096K)
 Metaspace       used 35570K, committed 35904K, reserved 1081344K
  class space    used 4594K, committed 4736K, reserved 1048576K
}
Event: 8.544 GC heap after
{Heap after GC invocations=17 (full 0):
 garbage-first heap   total 223232K, used 74539K [0x0000000083e00000, 0x0000000100000000)
  region size 1024K, 7 young (7168K), 7 survivors (7168K)
 Metaspace       used 35570K, committed 35904K, reserved 1081344K
  class space    used 4594K, committed 4736K, reserved 1048576K
}
Event: 8.563 GC heap before
{Heap before GC invocations=17 (full 0):
 garbage-first heap   total 223232K, used 122667K [0x0000000083e00000, 0x0000000100000000)
  region size 1024K, 56 young (57344K), 7 survivors (7168K)
 Metaspace       used 35781K, committed 36160K, reserved 1081344K
  class space    used 4627K, committed 4800K, reserved 1048576K
}

Deoptimization events (12 events):
Event: 6.023 Thread 0x0000017b0cefab20 DEOPT PACKING pc=0x0000017b100ed819 sp=0x00000013733fd170
Event: 6.023 Thread 0x0000017b0cefab20 DEOPT UNPACKING pc=0x0000017b0fbe6763 sp=0x00000013733fc650 mode 3
Event: 7.994 Thread 0x0000017b1cccc3a0 DEOPT PACKING pc=0x0000017b1029442b sp=0x00000013751fe640
Event: 7.994 Thread 0x0000017b1cccc3a0 DEOPT UNPACKING pc=0x0000017b0fbe6763 sp=0x00000013751fdb88 mode 3
Event: 8.001 Thread 0x0000017b0cefab20 DEOPT PACKING pc=0x0000017b1025c499 sp=0x00000013733fc550
Event: 8.001 Thread 0x0000017b0cefab20 DEOPT UNPACKING pc=0x0000017b0fbe6763 sp=0x00000013733fba30 mode 3
Event: 8.080 Thread 0x0000017b1cbbd660 DEOPT PACKING pc=0x0000017b100ea281 sp=0x0000001375efeb60
Event: 8.080 Thread 0x0000017b1cbbd660 DEOPT UNPACKING pc=0x0000017b0fbe6763 sp=0x0000001375efdff0 mode 3
Event: 8.080 Thread 0x0000017b1cbbd660 DEOPT PACKING pc=0x0000017b100e7797 sp=0x0000001375efed60
Event: 8.080 Thread 0x0000017b1cbbd660 DEOPT UNPACKING pc=0x0000017b0fbe6763 sp=0x0000001375efe1b8 mode 3
Event: 8.406 Thread 0x0000017b1d2de150 DEOPT PACKING pc=0x0000017b10422eb5 sp=0x00000013763fd830
Event: 8.406 Thread 0x0000017b1d2de150 DEOPT UNPACKING pc=0x0000017b0fbe6763 sp=0x00000013763fcd48 mode 3

Classes unloaded (0 events):
No events

Classes redefined (0 events):
No events

Internal exceptions (20 events):
Event: 8.013 Thread 0x0000017b1cd44d70 Exception <a 'sun/nio/fs/WindowsException'{0x000000008a5e57d8}> (0x000000008a5e57d8) 
thrown [s\src\hotspot\share\prims\jni.cpp, line 516]
Event: 8.013 Thread 0x0000017b1cd44d70 Exception <a 'sun/nio/fs/WindowsException'{0x000000008a5e5b98}> (0x000000008a5e5b98) 
thrown [s\src\hotspot\share\prims\jni.cpp, line 516]
Event: 8.013 Thread 0x0000017b1cd44d70 Exception <a 'sun/nio/fs/WindowsException'{0x000000008a5e6598}> (0x000000008a5e6598) 
thrown [s\src\hotspot\share\prims\jni.cpp, line 516]
Event: 8.013 Thread 0x0000017b1cd44d70 Exception <a 'sun/nio/fs/WindowsException'{0x000000008a5e6950}> (0x000000008a5e6950) 
thrown [s\src\hotspot\share\prims\jni.cpp, line 516]
Event: 8.014 Thread 0x0000017b1cd44d70 Exception <a 'sun/nio/fs/WindowsException'{0x000000008a5e7358}> (0x000000008a5e7358) 
thrown [s\src\hotspot\share\prims\jni.cpp, line 516]
Event: 8.014 Thread 0x0000017b1cd44d70 Exception <a 'sun/nio/fs/WindowsException'{0x000000008a5e7718}> (0x000000008a5e7718) 
thrown [s\src\hotspot\share\prims\jni.cpp, line 516]
Event: 8.014 Thread 0x0000017b1cd44d70 Exception <a 'sun/nio/fs/WindowsException'{0x00000000866de578}> (0x00000000866de578) 
thrown [s\src\hotspot\share\prims\jni.cpp, line 516]
Event: 8.014 Thread 0x0000017b1cd44d70 Exception <a 'sun/nio/fs/WindowsException'{0x00000000866de960}> (0x00000000866de960) 
thrown [s\src\hotspot\share\prims\jni.cpp, line 516]
Event: 8.014 Thread 0x0000017b1cd44d70 Exception <a 'sun/nio/fs/WindowsException'{0x00000000866df398}> (0x00000000866df398) 
thrown [s\src\hotspot\share\prims\jni.cpp, line 516]
Event: 8.014 Thread 0x0000017b1cd44d70 Exception <a 'sun/nio/fs/WindowsException'{0x00000000866df798}> (0x00000000866df798) 
thrown [s\src\hotspot\share\prims\jni.cpp, line 516]
Event: 8.014 Thread 0x0000017b1cd44d70 Exception <a 'sun/nio/fs/WindowsException'{0x00000000866e01c8}> (0x00000000866e01c8) 
thrown [s\src\hotspot\share\prims\jni.cpp, line 516]
Event: 8.014 Thread 0x0000017b1cd44d70 Exception <a 'sun/nio/fs/WindowsException'{0x00000000866e05b8}> (0x00000000866e05b8) 
thrown [s\src\hotspot\share\prims\jni.cpp, line 516]
Event: 8.075 Thread 0x0000017b0cefab20 Exception <a 'java/lang/NoSuchMethodError'{0x0000000088f611e0}: 'java.lang.Object java.lang.invoke.DirectMethodHandle$Holder.invokeInterface(java.lang.Object, java.lang.Object, int)'> (0x0000000088f611e0) 
thrown [s\src\hotspot\share\interpreter\linkResolver.cpp, line 759]
Event: 8.077 Thread 0x0000017b0cefab20 Exception <a 'java/lang/IncompatibleClassChangeError'{0x0000000088f743b0}: Found class java.lang.Object, but interface was expected> (0x0000000088f743b0) 
thrown [s\src\hotspot\share\interpreter\linkResolver.cpp, line 826]
Event: 8.181 Thread 0x0000017b0cefab20 Exception <a 'java/lang/NoSuchMethodError'{0x0000000087d183e0}: 'java.lang.Object java.lang.invoke.DirectMethodHandle$Holder.newInvokeSpecial(java.lang.Object, java.lang.Object, int, java.lang.Object, java.lang.Object)'> (0x0000000087d183e0) 
thrown [s\src\hotspot\share\interpreter\linkResolver.cpp, line 759]
Event: 8.182 Thread 0x0000017b0cefab20 Exception <a 'java/lang/NoSuchMethodError'{0x0000000087d2a3f8}: 'java.lang.Object java.lang.invoke.DirectMethodHandle$Holder.invokeSpecial(java.lang.Object, java.lang.Object, int, java.lang.Object, int, java.lang.Object)'> (0x0000000087d2a3f8) 
thrown [s\src\hotspot\share\interpreter\linkResolver.cpp, line 759]
Event: 8.183 Thread 0x0000017b0cefab20 Exception <a 'java/lang/NoSuchMethodError'{0x0000000087d321f8}: 'java.lang.Object java.lang.invoke.DirectMethodHandle$Holder.newInvokeSpecial(java.lang.Object, java.lang.Object, int, java.lang.Object, int)'> (0x0000000087d321f8) 
thrown [s\src\hotspot\share\interpreter\linkResolver.cpp, line 759]
Event: 8.183 Thread 0x0000017b0cefab20 Exception <a 'java/lang/NoSuchMethodError'{0x0000000087d362f8}: 'java.lang.Object java.lang.invoke.DirectMethodHandle$Holder.invokeSpecial(java.lang.Object, java.lang.Object, java.lang.Object, int, java.lang.Object, int)'> (0x0000000087d362f8) 
thrown [s\src\hotspot\share\interpreter\linkResolver.cpp, line 759]
Event: 8.403 Thread 0x0000017b1d2de150 Exception <a 'java/lang/NoSuchMethodError'{0x000000008ff63100}: 'java.lang.Object java.lang.invoke.DirectMethodHandle$Holder.invokeStatic(java.lang.Object, int, java.lang.Object)'> (0x000000008ff63100) 
thrown [s\src\hotspot\share\interpreter\linkResolver.cpp, line 759]
Event: 8.549 Thread 0x0000017b1cbbccc0 Exception <a 'java/lang/NoSuchMethodError'{0x00000000917b5e68}: 'java.lang.Object java.lang.invoke.DirectMethodHandle$Holder.invokeStatic(java.lang.Object, java.lang.Object, java.lang.Object, int, java.lang.Object, java.lang.Object)'> (0x00000000917b5e68) 
thrown [s\src\hotspot\share\interpreter\linkResolver.cpp, line 759]

VM Operations (20 events):
Event: 8.231 Executing VM operation: G1CollectForAllocation done
Event: 8.334 Executing VM operation: G1TryInitiateConcMark
Event: 8.341 Executing VM operation: G1TryInitiateConcMark done
Event: 8.427 Executing VM operation: HandshakeAllThreads
Event: 8.427 Executing VM operation: HandshakeAllThreads done
Event: 8.428 Executing VM operation: HandshakeAllThreads
Event: 8.439 Executing VM operation: HandshakeAllThreads done
Event: 8.450 Executing VM operation: G1CollectForAllocation
Event: 8.451 Executing VM operation: G1CollectForAllocation done
Event: 8.451 Executing VM operation: G1CollectForAllocation
Event: 8.477 Executing VM operation: G1CollectForAllocation done
Event: 8.504 Executing VM operation: G1CollectForAllocation
Event: 8.505 Executing VM operation: G1CollectForAllocation done
Event: 8.505 Executing VM operation: G1CollectForAllocation
Event: 8.513 Executing VM operation: G1CollectForAllocation done
Event: 8.541 Executing VM operation: G1CollectForAllocation
Event: 8.545 Executing VM operation: G1CollectForAllocation done
Event: 8.563 Executing VM operation: CollectForMetadataAllocation
Event: 8.563 Executing VM operation: CollectForMetadataAllocation done
Event: 8.563 Executing VM operation: G1CollectForAllocation

Events (20 events):
Event: 8.213 loading class java/util/stream/Nodes$ArrayNode done
Event: 8.213 loading class java/util/stream/Nodes$FixedNodeBuilder done
Event: 8.262 Thread 0x0000017b1cbbccc0 Thread added: 0x0000017b1cbbccc0
Event: 8.278 loading class jdk/internal/reflect/UnsafeQualifiedIntegerFieldAccessorImpl
Event: 8.278 loading class jdk/internal/reflect/UnsafeQualifiedFieldAccessorImpl
Event: 8.278 loading class jdk/internal/reflect/UnsafeQualifiedFieldAccessorImpl done
Event: 8.278 loading class jdk/internal/reflect/UnsafeQualifiedIntegerFieldAccessorImpl done
Event: 8.302 loading class jdk/internal/reflect/UnsafeBooleanFieldAccessorImpl
Event: 8.302 loading class jdk/internal/reflect/UnsafeBooleanFieldAccessorImpl done
Event: 8.399 Thread 0x0000017b1d2de150 Thread added: 0x0000017b1d2de150
Event: 8.400 loading class java/util/concurrent/CompletableFuture$UniHandle
Event: 8.400 loading class java/util/concurrent/CompletableFuture$UniHandle done
Event: 8.404 loading class jdk/internal/reflect/UnsafeIntegerFieldAccessorImpl
Event: 8.404 loading class jdk/internal/reflect/UnsafeIntegerFieldAccessorImpl done
Event: 8.439 loading class java/util/concurrent/atomic/AtomicLongFieldUpdater
Event: 8.439 loading class java/util/concurrent/atomic/AtomicLongFieldUpdater done
Event: 8.440 loading class java/util/concurrent/atomic/AtomicLongFieldUpdater$CASUpdater
Event: 8.441 loading class java/util/concurrent/atomic/AtomicLongFieldUpdater$CASUpdater done
Event: 8.441 loading class java/util/concurrent/atomic/AtomicLongFieldUpdater$CASUpdater$1
Event: 8.441 loading class java/util/concurrent/atomic/AtomicLongFieldUpdater$CASUpdater$1 done


Dynamic libraries:
0x00007ff7c1250000 - 0x00007ff7c125e000 	c:\Users\IBBALLO\.vscode\extensions\redhat.java-1.11.0-win32-x64\jre\17.0.4.1-win32-x86_64\bin\java.exe
0x00007ffcf85c0000 - 0x00007ffcf87c9000 	C:\WINDOWS\SYSTEM32\ntdll.dll
0x00007ffcf6d00000 - 0x00007ffcf6dbd000 	C:\WINDOWS\System32\KERNEL32.DLL
0x00007ffcf5d20000 - 0x00007ffcf609d000 	C:\WINDOWS\System32\KERNELBASE.dll
0x00007ffcf5aa0000 - 0x00007ffcf5bb1000 	C:\WINDOWS\System32\ucrtbase.dll
0x00007ffced640000 - 0x00007ffced659000 	c:\Users\IBBALLO\.vscode\extensions\redhat.java-1.11.0-win32-x64\jre\17.0.4.1-win32-x86_64\bin\VCRUNTIME140.dll
0x00007ffced5c0000 - 0x00007ffced5d8000 	c:\Users\IBBALLO\.vscode\extensions\redhat.java-1.11.0-win32-x64\jre\17.0.4.1-win32-x86_64\bin\jli.dll
0x00007ffcf6570000 - 0x00007ffcf671d000 	C:\WINDOWS\System32\USER32.dll
0x00007ffcf6420000 - 0x00007ffcf6446000 	C:\WINDOWS\System32\win32u.dll
0x00007ffce0060000 - 0x00007ffce0305000 	C:\WINDOWS\WinSxS\amd64_microsoft.windows.common-controls_6595b64144ccf1df_6.0.22000.120_none_9d947278b86cc467\COMCTL32.dll
0x00007ffcf80a0000 - 0x00007ffcf80c9000 	C:\WINDOWS\System32\GDI32.dll
0x00007ffcf6c50000 - 0x00007ffcf6cf3000 	C:\WINDOWS\System32\msvcrt.dll
0x00007ffcf6290000 - 0x00007ffcf63a8000 	C:\WINDOWS\System32\gdi32full.dll
0x00007ffcf5c80000 - 0x00007ffcf5d1d000 	C:\WINDOWS\System32\msvcp_win.dll
0x00007ffcf80d0000 - 0x00007ffcf8101000 	C:\WINDOWS\System32\IMM32.DLL
0x00007ffced5a0000 - 0x00007ffced5ac000 	c:\Users\IBBALLO\.vscode\extensions\redhat.java-1.11.0-win32-x64\jre\17.0.4.1-win32-x86_64\bin\vcruntime140_1.dll
0x00007ffcd48a0000 - 0x00007ffcd4931000 	c:\Users\IBBALLO\.vscode\extensions\redhat.java-1.11.0-win32-x64\jre\17.0.4.1-win32-x86_64\bin\msvcp140.dll
0x00007ffc6fa80000 - 0x00007ffc706c6000 	c:\Users\IBBALLO\.vscode\extensions\redhat.java-1.11.0-win32-x64\jre\17.0.4.1-win32-x86_64\bin\server\jvm.dll
0x00007ffcf69a0000 - 0x00007ffcf6a4e000 	C:\WINDOWS\System32\ADVAPI32.dll
0x00007ffcf64c0000 - 0x00007ffcf655e000 	C:\WINDOWS\System32\sechost.dll
0x00007ffcf6b30000 - 0x00007ffcf6c50000 	C:\WINDOWS\System32\RPCRT4.dll
0x00007ffcf7a30000 - 0x00007ffcf7a38000 	C:\WINDOWS\System32\PSAPI.DLL
0x00007ffcc89f0000 - 0x00007ffcc89f9000 	C:\WINDOWS\SYSTEM32\WSOCK32.dll
0x00007ffcf6780000 - 0x00007ffcf67ef000 	C:\WINDOWS\System32\WS2_32.dll
0x00007ffcecd20000 - 0x00007ffcecd53000 	C:\WINDOWS\SYSTEM32\WINMM.dll
0x00007ffceae70000 - 0x00007ffceae7a000 	C:\WINDOWS\SYSTEM32\VERSION.dll
0x00007ffcf4c90000 - 0x00007ffcf4ca8000 	C:\WINDOWS\SYSTEM32\kernel.appcore.dll
0x00007ffcecee0000 - 0x00007ffceceea000 	c:\Users\IBBALLO\.vscode\extensions\redhat.java-1.11.0-win32-x64\jre\17.0.4.1-win32-x86_64\bin\jimage.dll
0x00007ffcf3710000 - 0x00007ffcf3931000 	C:\WINDOWS\SYSTEM32\DBGHELP.DLL
0x00007ffcc8a00000 - 0x00007ffcc8a31000 	C:\WINDOWS\SYSTEM32\dbgcore.DLL
0x00007ffcf6210000 - 0x00007ffcf628f000 	C:\WINDOWS\System32\bcryptPrimitives.dll
0x00007ffcece10000 - 0x00007ffcece35000 	c:\Users\IBBALLO\.vscode\extensions\redhat.java-1.11.0-win32-x64\jre\17.0.4.1-win32-x86_64\bin\java.dll
0x00007ffcecdf0000 - 0x00007ffcece08000 	c:\Users\IBBALLO\.vscode\extensions\redhat.java-1.11.0-win32-x64\jre\17.0.4.1-win32-x86_64\bin\zip.dll
0x00007ffcf6dd0000 - 0x00007ffcf7588000 	C:\WINDOWS\System32\SHELL32.dll
0x00007ffcf3cd0000 - 0x00007ffcf4538000 	C:\WINDOWS\SYSTEM32\windows.storage.dll
0x00007ffcf7aa0000 - 0x00007ffcf7e19000 	C:\WINDOWS\System32\combase.dll
0x00007ffcf3b60000 - 0x00007ffcf3cc6000 	C:\WINDOWS\SYSTEM32\wintypes.dll
0x00007ffcf68a0000 - 0x00007ffcf698a000 	C:\WINDOWS\System32\SHCORE.dll
0x00007ffcf6720000 - 0x00007ffcf677d000 	C:\WINDOWS\System32\shlwapi.dll
0x00007ffcf59d0000 - 0x00007ffcf59f1000 	C:\WINDOWS\SYSTEM32\profapi.dll
0x00007ffce68e0000 - 0x00007ffce68f9000 	C:\Users\IBBALLO\.vscode\extensions\redhat.java-1.11.0-win32-x64\jre\17.0.4.1-win32-x86_64\bin\net.dll
0x00007ffcee450000 - 0x00007ffcee55c000 	C:\WINDOWS\SYSTEM32\WINHTTP.dll
0x00007ffcf50c0000 - 0x00007ffcf5127000 	C:\WINDOWS\system32\mswsock.dll
0x00007ffcdfcf0000 - 0x00007ffcdfd05000 	C:\Users\IBBALLO\.vscode\extensions\redhat.java-1.11.0-win32-x64\jre\17.0.4.1-win32-x86_64\bin\nio.dll
0x00007ffceceb0000 - 0x00007ffcecec0000 	c:\Users\IBBALLO\.vscode\extensions\redhat.java-1.11.0-win32-x64\jre\17.0.4.1-win32-x86_64\bin\verify.dll
0x00007ffce72a0000 - 0x00007ffce72a9000 	C:\Users\IBBALLO\.vscode\extensions\redhat.java-1.11.0-win32-x64\jre\17.0.4.1-win32-x86_64\bin\management.dll
0x00007ffcdf990000 - 0x00007ffcdf99b000 	C:\Users\IBBALLO\.vscode\extensions\redhat.java-1.11.0-win32-x64\jre\17.0.4.1-win32-x86_64\bin\management_ext.dll
0x00007ffccf2d0000 - 0x00007ffccf2e7000 	C:\WINDOWS\system32\napinsp.dll
0x00007ffccf2b0000 - 0x00007ffccf2cb000 	C:\WINDOWS\system32\pnrpnsp.dll
0x00007ffcf4700000 - 0x00007ffcf47e8000 	C:\WINDOWS\SYSTEM32\DNSAPI.dll
0x00007ffcf46d0000 - 0x00007ffcf46fd000 	C:\WINDOWS\SYSTEM32\IPHLPAPI.DLL
0x00007ffcf6990000 - 0x00007ffcf6999000 	C:\WINDOWS\System32\NSI.dll
0x00007ffcc7d80000 - 0x00007ffcc7d92000 	C:\WINDOWS\System32\winrnr.dll
0x00007ffcc4a20000 - 0x00007ffcc4a35000 	C:\WINDOWS\system32\wshbth.dll
0x00007ffcc4a00000 - 0x00007ffcc4a1f000 	C:\WINDOWS\system32\nlansp_c.dll
0x00007ffcecad0000 - 0x00007ffcecada000 	C:\Windows\System32\rasadhlp.dll
0x00007ffcee560000 - 0x00007ffcee5e1000 	C:\WINDOWS\System32\fwpuclnt.dll
0x00007ffcf5300000 - 0x00007ffcf5318000 	C:\WINDOWS\SYSTEM32\CRYPTSP.dll
0x00007ffcf4bf0000 - 0x00007ffcf4c25000 	C:\WINDOWS\system32\rsaenh.dll
0x00007ffcf51b0000 - 0x00007ffcf51d9000 	C:\WINDOWS\SYSTEM32\USERENV.dll
0x00007ffcf5480000 - 0x00007ffcf54a7000 	C:\WINDOWS\SYSTEM32\bcrypt.dll
0x00007ffcf5320000 - 0x00007ffcf532c000 	C:\WINDOWS\SYSTEM32\CRYPTBASE.dll
0x00007ffceeec0000 - 0x00007ffceeed9000 	C:\WINDOWS\SYSTEM32\dhcpcsvc6.DLL
0x00007ffcee790000 - 0x00007ffcee7ae000 	C:\WINDOWS\SYSTEM32\dhcpcsvc.DLL

dbghelp: loaded successfully - version: 4.0.5 - missing functions: none
symbol engine: initialized successfully - sym options: 0x614 - pdb path: .;c:\Users\IBBALLO\.vscode\extensions\redhat.java-1.11.0-win32-x64\jre\17.0.4.1-win32-x86_64\bin;C:\WINDOWS\SYSTEM32;C:\WINDOWS\WinSxS\amd64_microsoft.windows.common-controls_6595b64144ccf1df_6.0.22000.120_none_9d947278b86cc467;c:\Users\IBBALLO\.vscode\extensions\redhat.java-1.11.0-win32-x64\jre\17.0.4.1-win32-x86_64\bin\server

VM Arguments:
jvm_args: -Dsts.lsp.client=vscode -Dsts.log.file=/dev/null -XX:TieredStopAtLevel=1 -Xlog:jni+resolve=off -Dspring.config.location=file:c:\Users\IBBALLO\.vscode\extensions\pivotal.vscode-spring-boot-1.39.0\language-server\BOOT-INF\classes\application.properties 
java_command: org.springframework.ide.vscode.boot.app.BootLanguageServerBootApp
java_class_path (initial): c:\Users\IBBALLO\.vscode\extensions\pivotal.vscode-spring-boot-1.39.0\language-server\BOOT-INF\classes;c:\Users\IBBALLO\.vscode\extensions\pivotal.vscode-spring-boot-1.39.0\language-server\BOOT-INF\lib\annotations-23.0.0.jar;c:\Users\IBBALLO\.vscode\extensions\pivotal.vscode-spring-boot-1.39.0\language-server\BOOT-INF\lib\antlr-runtime-3.5.2.jar;c:\Users\IBBALLO\.vscode\extensions\pivotal.vscode-spring-boot-1.39.0\language-server\BOOT-INF\lib\antlr4-4.9.3.jar;c:\Users\IBBALLO\.vscode\extensions\pivotal.vscode-spring-boot-1.39.0\language-server\BOOT-INF\lib\antlr4-runtime-4.9.3.jar;c:\Users\IBBALLO\.vscode\extensions\pivotal.vscode-spring-boot-1.39.0\language-server\BOOT-INF\lib\asm-9.3.jar;c:\Users\IBBALLO\.vscode\extensions\pivotal.vscode-spring-boot-1.39.0\language-server\BOOT-INF\lib\asm-analysis-9.3.jar;c:\Users\IBBALLO\.vscode\extensions\pivotal.vscode-spring-boot-1.39.0\language-server\BOOT-INF\lib\asm-tree-9.3.jar;c:\Users\IBBALLO\.vscode\extensions\pivotal.vscode-spring-boot-1.39.0\language-server\BOOT-INF\lib\asm-util-9.3.jar;c:\Users\IBBALLO\.vscode\extensions\pivotal.vscode-spring-boot-1.39.0\language-server\BOOT-INF\lib\byte-buddy-1.12.13.jar;c:\Users\IBBALLO\.vscode\extensions\pivotal.vscode-spring-boot-1.39.0\language-server\BOOT-INF\lib\caffeine-2.9.3.jar;c:\Users\IBBALLO\.vscode\extensions\pivotal.vscode-spring-boot-1.39.0\language-server\BOOT-INF\lib\checker-qual-3.12.0.jar;c:\Users\IBBALLO\.vscode\extensions\pivotal.vscode-spring-boot-1.39.0\language-server\BOOT-INF\lib\classgraph-4.8.149.jar;c:\Users\IBBALLO\.vscode\extensions\pivotal.vscode-spring-boot-1.39.0\language-server\BOOT-INF\lib\commons-codec-1.15.jar;c:\Users\IBBALLO\.vscode\extensions\pivotal.vscode-spring-boot-1.39.0\language-server\BOOT-INF\lib\commons-compress-1.21.jar;c:\Users\IBBALLO\.vscode\extensions\pivotal.vscode-spring-boot-1.39.0\language-server\BOOT-INF\lib\commons-exec-1.3.jar;c:\Users\IBBALLO\.vscode\extensions\pivotal.vscode-spring-boot-1.39.
Launcher Type: SUN_STANDARD

[Global flags]
     intx CICompilerCount                          = 4                                         {product} {ergonomic}
     uint ConcGCThreads                            = 2                                         {product} {ergonomic}
     uint G1ConcRefinementThreads                  = 8                                         {product} {ergonomic}
   size_t G1HeapRegionSize                         = 1048576                                   {product} {ergonomic}
    uintx GCDrainStackTargetSize                   = 64                                        {product} {ergonomic}
   size_t InitialHeapSize                          = 132120576                                 {product} {ergonomic}
   size_t MarkStackSize                            = 4194304                                   {product} {ergonomic}
   size_t MaxHeapSize                              = 2082471936                                {product} {ergonomic}
   size_t MaxNewSize                               = 1248854016                                {product} {ergonomic}
   size_t MinHeapDeltaBytes                        = 1048576                                   {product} {ergonomic}
   size_t MinHeapSize                              = 8388608                                   {product} {ergonomic}
    uintx NonProfiledCodeHeapSize                  = 0                                      {pd product} {ergonomic}
     bool ProfileInterpreter                       = false                                  {pd product} {command line}
    uintx ProfiledCodeHeapSize                     = 0                                      {pd product} {ergonomic}
   size_t SoftMaxHeapSize                          = 2082471936                             {manageable} {ergonomic}
     intx TieredStopAtLevel                        = 1                                         {product} {command line}
     bool UseCompressedClassPointers               = true                           {product lp64_product} {ergonomic}
     bool UseCompressedOops                        = true                           {product lp64_product} {ergonomic}
     bool UseG1GC                                  = true                                      {product} {ergonomic}
     bool UseLargePagesIndividualAllocation        = false                                  {pd product} {ergonomic}

Logging:
Log output configuration:
 #0: stdout all=warning,jni+resolve=off uptime,level,tags
 #1: stderr all=off uptime,level,tags

Environment Variables:
PATH=C:\Program Files (x86)\VMware\VMware Workstation\bin\;C:\Python39\Scripts\;C:\Python39\;C:\Program Files\Eclipse Foundation\jdk-11.0.12.7-hotspot\bin;C:\WINDOWS\system32;C:\WINDOWS;C:\WINDOWS\System32\Wbem;C:\WINDOWS\System32\WindowsPowerShell\v1.0\;C:\WINDOWS\System32\OpenSSH\;C:\Program Files\Git\cmd;C:\Program Files\nodejs\;C:\ProgramData\chocolatey\bin;D:\flutter_windows_2.5.3-stable\flutter\bin;C:\xampp\php;C:\Users\IBBALLO\AppData\Local\Microsoft\WindowsApps;C:\Users\IBBALLO\AppData\Local\Programs\Microsoft VS Code\bin;C:\Users\IBBALLO\Documents\Flutter\flutter\bin;C:\Users\IBBALLO\AppData\Local\Android\Sdk;C:\apache-maven\bin;C:\xampp\mysql\bin;C:\Users\IBBALLO\AppData\Roaming\npm;
USERNAME=ibballo
OS=Windows_NT
PROCESSOR_IDENTIFIER=Intel64 Family 6 Model 140 Stepping 1, GenuineIntel
TMP=C:\Users\IBBALLO\AppData\Local\Temp
TEMP=C:\Users\IBBALLO\AppData\Local\Temp



---------------  S Y S T E M  ---------------

OS:
 Windows 11 , 64 bit Build 22000 (10.0.22000.708)
OS uptime: 26 days 6:14 hours

CPU: total 8 (initial active 8) (4 cores per cpu, 2 threads per core) family 6 model 140 stepping 1 microcode 0xa4, cx8, cmov, fxsr, ht, mmx, 3dnowpref, sse, sse2, sse3, ssse3, sse4.1, sse4.2, popcnt, lzcnt, tsc, tscinvbit, avx, avx2, aes, erms, clmul, bmi1, bmi2, adx, avx512f, avx512dq, avx512cd, avx512bw, avx512vl, sha, fma, vzeroupper, avx512_vpopcntdq, avx512_vpclmulqdq, avx512_vaes, avx512_vnni, clflush, clflushopt, clwb, avx512_vbmi2, avx512_vbmi

Memory: 4k page, system-wide physical 7941M (226M free)
TotalPageFile size 32517M (AvailPageFile size 66M)
current process WorkingSet (physical memory assigned to process): 298M, peak: 298M
current process commit charge ("private bytes"): 360M, peak: 597M

vm_info: OpenJDK 64-Bit Server VM (17.0.4.1+1) for windows-amd64 JRE (17.0.4.1+1), built on Aug 17 2022 07:42:43 by "temurin" with MS VC++ 16.7 (VS2019)

END.
