#
# There is insufficient memory for the Java Runtime Environment to continue.
# Native memory allocation (malloc) failed to allocate 2097152 bytes for AllocateHeap
# Possible reasons:
#   The system is out of physical RAM or swap space
#   The process is running with CompressedOops enabled, and the Java Heap may be blocking the growth of the native heap
# Possible solutions:
#   Reduce memory load on the system
#   Increase physical memory or swap space
#   Check if swap backing store is full
#   Decrease Java heap size (-Xmx/-Xms)
#   Decrease number of Java threads
#   Decrease Java thread stack sizes (-Xss)
#   Set larger code cache with -XX:ReservedCodeCacheSize=
#   JVM is running with Unscaled Compressed Oops mode in which the Java heap is
#     placed in the first 4GB address space. The Java Heap base address is the
#     maximum limit for the native heap growth. Please use -XX:HeapBaseMinAddress
#     to set the Java Heap base and to place the Java Heap above 4GB virtual address.
# This output file may be truncated or incomplete.
#
#  Out of Memory Error (allocation.cpp:44), pid=7920, tid=5732
#
# JRE version: OpenJDK Runtime Environment Temurin-17.0.4.1+1 (17.0.4.1+1) (build 17.0.4.1+1)
# Java VM: OpenJDK 64-Bit Server VM Temurin-17.0.4.1+1 (17.0.4.1+1, mixed mode, emulated-client, tiered, compressed oops, compressed class ptrs, g1 gc, windows-amd64)
# No core dump will be written. Minidumps are not enabled by default on client versions of Windows
#

---------------  S U M M A R Y ------------

Command Line: -Dsts.lsp.client=vscode -Dsts.log.file=/dev/null -XX:TieredStopAtLevel=1 -Xlog:jni+resolve=off -Dspring.config.location=file:c:\Users\IBBALLO\.vscode\extensions\pivotal.vscode-spring-boot-1.39.0\language-server\BOOT-INF\classes\application.properties org.springframework.ide.vscode.boot.app.BootLanguageServerBootApp

Host: 11th Gen Intel(R) Core(TM) i7-1165G7 @ 2.80GHz, 8 cores, 7G,  Windows 11 , 64 bit Build 22000 (10.0.22000.708)
Time: Mon Oct 10 21:50:10 2022 Greenwich elapsed time: 189258.221965 seconds (2d 4h 34m 18s)

---------------  T H R E A D  ---------------

Current thread (0x00000251cdf53650):  VMThread "VM Thread" [stack: 0x000000bca0a00000,0x000000bca0b00000] [id=5732]

Stack: [0x000000bca0a00000,0x000000bca0b00000]
Native frames: (J=compiled Java code, j=interpreted, Vv=VM code, C=native code)
V  [jvm.dll+0x67731a]
V  [jvm.dll+0x832284]
V  [jvm.dll+0x833a2e]
V  [jvm.dll+0x834093]
V  [jvm.dll+0x245775]
V  [jvm.dll+0xa6393]
V  [jvm.dll+0x2f59c1]
V  [jvm.dll+0x2f1640]
V  [jvm.dll+0x2d9d27]
V  [jvm.dll+0x31ce37]
V  [jvm.dll+0x83853b]
V  [jvm.dll+0x839274]
V  [jvm.dll+0x83978c]
V  [jvm.dll+0x839b64]
V  [jvm.dll+0x839c30]
V  [jvm.dll+0x7e240a]
V  [jvm.dll+0x6761a5]
C  [ucrtbase.dll+0x26c0c]
C  [KERNEL32.DLL+0x154e0]
C  [ntdll.dll+0x485b]

VM_Operation (0x000000bca30fede0): G1CollectFull, mode: safepoint, requested by thread 0x00000251d094f2c0


---------------  P R O C E S S  ---------------

Threads class SMR info:
_java_thread_list=0x00000251d09a30a0, length=27, elements={
0x00000251cdf6d390, 0x00000251cdf6df40, 0x00000251ce94a530, 0x00000251ce94aee0,
0x00000251ce94b890, 0x00000251ce94c240, 0x00000251ce94cbf0, 0x00000251ce94dd80,
0x00000251ceb4a960, 0x00000251ceb4b270, 0x00000251d0719f20, 0x00000251d094f2c0,
0x00000251d094b900, 0x00000251d0950fa0, 0x00000251d094e920, 0x00000251d094d110,
0x00000251d0950130, 0x00000251d094f790, 0x00000251d094edf0, 0x00000251d094d5e0,
0x00000251d094fc60, 0x00000251d094dab0, 0x00000251d0951940, 0x00000251d0951470,
0x00000251d0953150, 0x00000251d094c2a0, 0x00000251d094c770
}

Java Threads: ( => current thread )
  0x00000251cdf6d390 JavaThread "Reference Handler" daemon [_thread_blocked, id=16056, stack(0x000000bca0b00000,0x000000bca0c00000)]
  0x00000251cdf6df40 JavaThread "Finalizer" daemon [_thread_blocked, id=11848, stack(0x000000bca0c00000,0x000000bca0d00000)]
  0x00000251ce94a530 JavaThread "Signal Dispatcher" daemon [_thread_blocked, id=7528, stack(0x000000bca0d00000,0x000000bca0e00000)]
  0x00000251ce94aee0 JavaThread "Attach Listener" daemon [_thread_blocked, id=9524, stack(0x000000bca0e00000,0x000000bca0f00000)]
  0x00000251ce94b890 JavaThread "Service Thread" daemon [_thread_blocked, id=26908, stack(0x000000bca0f00000,0x000000bca1000000)]
  0x00000251ce94c240 JavaThread "Monitor Deflation Thread" daemon [_thread_blocked, id=6700, stack(0x000000bca1000000,0x000000bca1100000)]
  0x00000251ce94cbf0 JavaThread "C1 CompilerThread0" daemon [_thread_blocked, id=24684, stack(0x000000bca1100000,0x000000bca1200000)]
  0x00000251ce94dd80 JavaThread "Sweeper thread" daemon [_thread_blocked, id=13772, stack(0x000000bca1200000,0x000000bca1300000)]
  0x00000251ceb4a960 JavaThread "Notification Thread" daemon [_thread_blocked, id=12936, stack(0x000000bca1400000,0x000000bca1500000)]
  0x00000251ceb4b270 JavaThread "Common-Cleaner" daemon [_thread_blocked, id=5492, stack(0x000000bca1600000,0x000000bca1700000)]
  0x00000251d0719f20 JavaThread "boundedElastic-evictor-1" daemon [_thread_blocked, id=33324, stack(0x000000bca1e00000,0x000000bca1f00000)]
  0x00000251d094f2c0 JavaThread "pool-9-thread-1" [_thread_blocked, id=16420, stack(0x000000bca3000000,0x000000bca3100000)]
  0x00000251d094b900 JavaThread "LanguageServerApp-lifecycle" [_thread_blocked, id=34352, stack(0x000000bca3500000,0x000000bca3600000)]
  0x00000251d0950fa0 JavaThread "DestroyJavaVM" [_thread_blocked, id=2276, stack(0x000000bca0300000,0x000000bca0400000)]
  0x00000251d094e920 JavaThread "pool-10-thread-1" [_thread_in_native, id=5912, stack(0x000000bca3600000,0x000000bca3700000)]
  0x00000251d094d110 JavaThread "Simple-Language-Server main thread" daemon [_thread_blocked, id=6516, stack(0x000000bca3800000,0x000000bca3900000)]
  0x00000251d0950130 JavaThread "pool-7-thread-1" [_thread_blocked, id=34312, stack(0x000000bca3900000,0x000000bca3a00000)]
  0x00000251d094f790 JavaThread "parallel-1" daemon [_thread_blocked, id=21336, stack(0x000000bca3a00000,0x000000bca3b00000)]
  0x00000251d094edf0 JavaThread "parallel-2" daemon [_thread_blocked, id=35660, stack(0x000000bca3b00000,0x000000bca3c00000)]
  0x00000251d094d5e0 JavaThread "Reconciler-1" daemon [_thread_blocked, id=34568, stack(0x000000bca3c00000,0x000000bca3d00000)]
  0x00000251d094fc60 JavaThread "parallel-3" daemon [_thread_blocked, id=14300, stack(0x000000bca3d00000,0x000000bca3e00000)]
  0x00000251d094dab0 JavaThread "pool-5-thread-1" [_thread_blocked, id=6888, stack(0x000000bca4300000,0x000000bca4400000)]
  0x00000251d0951940 JavaThread "parallel-4" daemon [_thread_blocked, id=31108, stack(0x000000bca4400000,0x000000bca4500000)]
  0x00000251d0951470 JavaThread "parallel-5" daemon [_thread_blocked, id=29716, stack(0x000000bca4500000,0x000000bca4600000)]
  0x00000251d0953150 JavaThread "parallel-6" daemon [_thread_blocked, id=23200, stack(0x000000bca2200000,0x000000bca2300000)]
  0x00000251d094c2a0 JavaThread "parallel-7" daemon [_thread_blocked, id=34232, stack(0x000000bca2300000,0x000000bca2400000)]
  0x00000251d094c770 JavaThread "parallel-8" daemon [_thread_blocked, id=35160, stack(0x000000bca2400000,0x000000bca2500000)]

Other Threads:
=>0x00000251cdf53650 VMThread "VM Thread" [stack: 0x000000bca0a00000,0x000000bca0b00000] [id=5732]
  0x00000251ceb4ae30 WatcherThread [stack: 0x000000bca1500000,0x000000bca1600000] [id=20216]
  0x00000251c0d52f40 GCTaskThread "GC Thread#0" [stack: 0x000000bca0500000,0x000000bca0600000] [id=19540]
  0x00000251cf4b8350 GCTaskThread "GC Thread#1" [stack: 0x000000bca1900000,0x000000bca1a00000] [id=24488]
  0x00000251cf4b8600 GCTaskThread "GC Thread#2" [stack: 0x000000bca1a00000,0x000000bca1b00000] [id=10524]
  0x00000251cf4c8e60 GCTaskThread "GC Thread#3" [stack: 0x000000bca1b00000,0x000000bca1c00000] [id=35468]
  0x00000251cf4ca120 GCTaskThread "GC Thread#4" [stack: 0x000000bca1c00000,0x000000bca1d00000] [id=14096]
  0x00000251cf4ca3d0 GCTaskThread "GC Thread#5" [stack: 0x000000bca1d00000,0x000000bca1e00000] [id=34604]
  0x00000251d01e3740 GCTaskThread "GC Thread#6" [stack: 0x000000bca1f00000,0x000000bca2000000] [id=21744]
  0x00000251d01e39f0 GCTaskThread "GC Thread#7" [stack: 0x000000bca2000000,0x000000bca2100000] [id=29600]
  0x00000251c0d636c0 ConcurrentGCThread "G1 Main Marker" [stack: 0x000000bca0600000,0x000000bca0700000] [id=15656]
  0x00000251c0d65240 ConcurrentGCThread "G1 Conc#0" [stack: 0x000000bca0700000,0x000000bca0800000] [id=9536]
  0x00000251d02f1b50 ConcurrentGCThread "G1 Conc#1" [stack: 0x000000bca2100000,0x000000bca2200000] [id=28024]
  0x00000251c0dce440 ConcurrentGCThread "G1 Refine#0" [stack: 0x000000bca0800000,0x000000bca0900000] [id=16936]
  0x00000251d0a4d530 ConcurrentGCThread "G1 Refine#1" [stack: 0x000000bca3100000,0x000000bca3200000] [id=23276]
  0x00000251d0a4d810 ConcurrentGCThread "G1 Refine#2" [stack: 0x000000bca3200000,0x000000bca3300000] [id=22956]
  0x00000251d0e3a7f0 ConcurrentGCThread "G1 Refine#3" [stack: 0x000000bca3300000,0x000000bca3400000] [id=22152]
  0x00000251d0e3aad0 ConcurrentGCThread "G1 Refine#4" [stack: 0x000000bca3400000,0x000000bca3500000] [id=17688]
  0x00000251d0c8fea0 ConcurrentGCThread "G1 Refine#5" [stack: 0x000000bca4700000,0x000000bca4800000] [id=35716]
  0x00000251d3138d20 ConcurrentGCThread "G1 Refine#6" [stack: 0x000000bca4800000,0x000000bca4900000] [id=17380]
  0x00000251d3138480 ConcurrentGCThread "G1 Refine#7" [stack: 0x000000bca4900000,0x000000bca4a00000] [id=30928]
  0x00000251cddc10b0 ConcurrentGCThread "G1 Service" [stack: 0x000000bca0900000,0x000000bca0a00000] [id=29544]

Threads with active compile tasks:

VM state: at safepoint (normal execution)

VM Mutex/Monitor currently owned by a thread:  ([mutex/lock_event])
[0x00000251beab8130] Threads_lock - owner thread: 0x00000251cdf53650
[0x00000251c0cf48c0] Heap_lock - owner thread: 0x00000251d094f2c0

Heap address: 0x0000000083e00000, size: 1986 MB, Compressed Oops mode: 32-bit

CDS archive(s) not mapped
Compressed class space mapped at: 0x0000000100000000-0x0000000140000000, reserved size: 1073741824
Narrow klass base: 0x0000000000000000, Narrow klass shift: 3, Narrow klass range: 0x140000000

GC Precious Log:
 CPUs: 8 total, 8 available
 Memory: 7941M
 Large Page Support: Disabled
 NUMA Support: Disabled
 Compressed Oops: Enabled (32-bit)
 Heap Region Size: 1M
 Heap Min Capacity: 8M
 Heap Initial Capacity: 126M
 Heap Max Capacity: 1986M
 Pre-touch: Disabled
 Parallel Workers: 8
 Concurrent Workers: 2
 Concurrent Refinement Workers: 8
 Periodic GC: Disabled

Heap:
 garbage-first heap   total 211968K, used 62987K [0x0000000083e00000, 0x0000000100000000)
  region size 1024K, 1 young (1024K), 0 survivors (0K)
 Metaspace       used 55459K, committed 55872K, reserved 1097728K
  class space    used 7365K, committed 7552K, reserved 1048576K

Heap Regions: E=young(eden), S=young(survivor), O=old, HS=humongous(starts), HC=humongous(continues), CS=collection set, F=free, OA=open archive, CA=closed archive, TAMS=top-at-mark-start (previous, next)
|   0|0x0000000083e00000, 0x0000000083f00000, 0x0000000083f00000|100%| O|  |TAMS 0x0000000083f00000, 0x0000000083e00000| Untracked 
|   1|0x0000000083f00000, 0x0000000084000000, 0x0000000084000000|100%| O|  |TAMS 0x0000000084000000, 0x0000000083f00000| Untracked 
|   2|0x0000000084000000, 0x00000000840ffff0, 0x0000000084100000| 99%| O|  |TAMS 0x00000000840ffff0, 0x0000000084000000| Untracked 
|   3|0x0000000084100000, 0x0000000084200000, 0x0000000084200000|100%| O|  |TAMS 0x0000000084200000, 0x0000000084100000| Untracked 
|   4|0x0000000084200000, 0x00000000842fe1f8, 0x0000000084300000| 99%| O|  |TAMS 0x00000000842fe1f8, 0x0000000084200000| Untracked 
|   5|0x0000000084300000, 0x00000000843fffd8, 0x0000000084400000| 99%| O|  |TAMS 0x00000000843fffd8, 0x0000000084300000| Untracked 
|   6|0x0000000084400000, 0x0000000084500000, 0x0000000084500000|100%| O|  |TAMS 0x0000000084500000, 0x0000000084400000| Untracked 
|   7|0x0000000084500000, 0x00000000845ffff8, 0x0000000084600000| 99%| O|  |TAMS 0x00000000845ffff8, 0x0000000084500000| Untracked 
|   8|0x0000000084600000, 0x00000000846ffff8, 0x0000000084700000| 99%| O|  |TAMS 0x00000000846ffff8, 0x0000000084600000| Untracked 
|   9|0x0000000084700000, 0x0000000084800000, 0x0000000084800000|100%| O|  |TAMS 0x0000000084800000, 0x0000000084700000| Untracked 
|  10|0x0000000084800000, 0x00000000848fffd8, 0x0000000084900000| 99%| O|  |TAMS 0x00000000848fffd8, 0x0000000084800000| Untracked 
|  11|0x0000000084900000, 0x00000000849ffff8, 0x0000000084a00000| 99%| O|  |TAMS 0x00000000849ffff8, 0x0000000084900000| Untracked 
|  12|0x0000000084a00000, 0x0000000084afffe0, 0x0000000084b00000| 99%| O|  |TAMS 0x0000000084afffe0, 0x0000000084a00000| Untracked 
|  13|0x0000000084b00000, 0x0000000084c00000, 0x0000000084c00000|100%| O|  |TAMS 0x0000000084c00000, 0x0000000084b00000| Untracked 
|  14|0x0000000084c00000, 0x0000000084cfffe8, 0x0000000084d00000| 99%| O|  |TAMS 0x0000000084cfffe8, 0x0000000084c00000| Untracked 
|  15|0x0000000084d00000, 0x0000000084dffff0, 0x0000000084e00000| 99%| O|  |TAMS 0x0000000084dffff0, 0x0000000084d00000| Untracked 
|  16|0x0000000084e00000, 0x0000000084efd578, 0x0000000084f00000| 98%| O|  |TAMS 0x0000000084efd578, 0x0000000084e00000| Untracked 
|  17|0x0000000084f00000, 0x0000000084ffffc8, 0x0000000085000000| 99%| O|  |TAMS 0x0000000084ffffc8, 0x0000000084f00000| Untracked 
|  18|0x0000000085000000, 0x00000000850ffff8, 0x0000000085100000| 99%| O|  |TAMS 0x00000000850ffff8, 0x0000000085000000| Untracked 
|  19|0x0000000085100000, 0x0000000085200000, 0x0000000085200000|100%| O|  |TAMS 0x0000000085200000, 0x0000000085100000| Untracked 
|  20|0x0000000085200000, 0x00000000852ffff0, 0x0000000085300000| 99%| O|  |TAMS 0x00000000852ffff0, 0x0000000085200000| Untracked 
|  21|0x0000000085300000, 0x0000000085400000, 0x0000000085400000|100%| O|  |TAMS 0x0000000085400000, 0x0000000085300000| Untracked 
|  22|0x0000000085400000, 0x00000000854ffff0, 0x0000000085500000| 99%| O|  |TAMS 0x00000000854ffff0, 0x0000000085400000| Untracked 
|  23|0x0000000085500000, 0x00000000855fffd8, 0x0000000085600000| 99%| O|  |TAMS 0x00000000855fffd8, 0x0000000085500000| Untracked 
|  24|0x0000000085600000, 0x0000000085700000, 0x0000000085700000|100%| O|  |TAMS 0x0000000085700000, 0x0000000085600000| Untracked 
|  25|0x0000000085700000, 0x00000000857fffd8, 0x0000000085800000| 99%| O|  |TAMS 0x00000000857fffd8, 0x0000000085700000| Untracked 
|  26|0x0000000085800000, 0x00000000858fffe8, 0x0000000085900000| 99%| O|  |TAMS 0x00000000858fffe8, 0x0000000085800000| Untracked 
|  27|0x0000000085900000, 0x00000000859ffff8, 0x0000000085a00000| 99%| O|  |TAMS 0x00000000859ffff8, 0x0000000085900000| Untracked 
|  28|0x0000000085a00000, 0x0000000085affff8, 0x0000000085b00000| 99%| O|  |TAMS 0x0000000085affff8, 0x0000000085a00000| Untracked 
|  29|0x0000000085b00000, 0x0000000085bffff0, 0x0000000085c00000| 99%| O|  |TAMS 0x0000000085bffff0, 0x0000000085b00000| Untracked 
|  30|0x0000000085c00000, 0x0000000085cffff8, 0x0000000085d00000| 99%| O|  |TAMS 0x0000000085cffff8, 0x0000000085c00000| Untracked 
|  31|0x0000000085d00000, 0x0000000085dfffe8, 0x0000000085e00000| 99%| O|  |TAMS 0x0000000085dfffe8, 0x0000000085d00000| Untracked 
|  32|0x0000000085e00000, 0x0000000085effff8, 0x0000000085f00000| 99%| O|  |TAMS 0x0000000085effff8, 0x0000000085e00000| Untracked 
|  33|0x0000000085f00000, 0x0000000085fffff0, 0x0000000086000000| 99%| O|  |TAMS 0x0000000085fffff0, 0x0000000085f00000| Untracked 
|  34|0x0000000086000000, 0x00000000860f7520, 0x0000000086100000| 96%| O|  |TAMS 0x00000000860f7520, 0x0000000086000000| Untracked 
|  35|0x0000000086100000, 0x0000000086200000, 0x0000000086200000|100%| O|  |TAMS 0x0000000086200000, 0x0000000086100000| Untracked 
|  36|0x0000000086200000, 0x00000000862fb1d8, 0x0000000086300000| 98%| O|  |TAMS 0x00000000862fb1d8, 0x0000000086200000| Untracked 
|  37|0x0000000086300000, 0x00000000863fff80, 0x0000000086400000| 99%| O|  |TAMS 0x00000000863fff80, 0x0000000086300000| Untracked 
|  38|0x0000000086400000, 0x0000000086500000, 0x0000000086500000|100%| O|  |TAMS 0x0000000086500000, 0x0000000086400000| Untracked 
|  39|0x0000000086500000, 0x00000000865ffe48, 0x0000000086600000| 99%| O|  |TAMS 0x00000000865ffe48, 0x0000000086500000| Untracked 
|  40|0x0000000086600000, 0x00000000866fffd8, 0x0000000086700000| 99%| O|  |TAMS 0x00000000866fffd8, 0x0000000086600000| Untracked 
|  41|0x0000000086700000, 0x00000000867ffff0, 0x0000000086800000| 99%| O|  |TAMS 0x00000000867ffff0, 0x0000000086700000| Untracked 
|  42|0x0000000086800000, 0x00000000868fffd8, 0x0000000086900000| 99%| O|  |TAMS 0x00000000868fffd8, 0x0000000086800000| Untracked 
|  43|0x0000000086900000, 0x00000000869fffe8, 0x0000000086a00000| 99%| O|  |TAMS 0x00000000869fffe8, 0x0000000086900000| Untracked 
|  44|0x0000000086a00000, 0x0000000086ac6938, 0x0000000086b00000| 77%| O|  |TAMS 0x0000000086a00000, 0x0000000086a00000| Untracked 
|  45|0x0000000086b00000, 0x0000000086bfffd8, 0x0000000086c00000| 99%| O|  |TAMS 0x0000000086bfffd8, 0x0000000086b00000| Untracked 
|  46|0x0000000086c00000, 0x0000000086cffff0, 0x0000000086d00000| 99%| O|  |TAMS 0x0000000086cffff0, 0x0000000086c00000| Untracked 
|  47|0x0000000086d00000, 0x0000000086dce9d8, 0x0000000086e00000| 80%| O|  |TAMS 0x0000000086d00000, 0x0000000086d00000| Untracked 
|  48|0x0000000086e00000, 0x0000000086e00000, 0x0000000086f00000|  0%| F|  |TAMS 0x0000000086e00000, 0x0000000086e00000| Untracked 
|  49|0x0000000086f00000, 0x0000000086f00000, 0x0000000087000000|  0%| F|  |TAMS 0x0000000086f00000, 0x0000000086f00000| Untracked 
|  50|0x0000000087000000, 0x0000000087000000, 0x0000000087100000|  0%| F|  |TAMS 0x0000000087000000, 0x0000000087000000| Untracked 
|  51|0x0000000087100000, 0x0000000087100000, 0x0000000087200000|  0%| F|  |TAMS 0x0000000087100000, 0x0000000087100000| Untracked 
|  52|0x0000000087200000, 0x0000000087200000, 0x0000000087300000|  0%| F|  |TAMS 0x0000000087200000, 0x0000000087200000| Untracked 
|  53|0x0000000087300000, 0x0000000087300000, 0x0000000087400000|  0%| F|  |TAMS 0x0000000087300000, 0x0000000087300000| Untracked 
|  54|0x0000000087400000, 0x0000000087400000, 0x0000000087500000|  0%| F|  |TAMS 0x0000000087400000, 0x0000000087400000| Untracked 
|  55|0x0000000087500000, 0x0000000087500000, 0x0000000087600000|  0%| F|  |TAMS 0x0000000087500000, 0x0000000087500000| Untracked 
|  56|0x0000000087600000, 0x0000000087600000, 0x0000000087700000|  0%| F|  |TAMS 0x0000000087600000, 0x0000000087600000| Untracked 
|  57|0x0000000087700000, 0x0000000087700000, 0x0000000087800000|  0%| F|  |TAMS 0x0000000087700000, 0x0000000087700000| Untracked 
|  58|0x0000000087800000, 0x0000000087800000, 0x0000000087900000|  0%| F|  |TAMS 0x0000000087800000, 0x0000000087800000| Untracked 
|  59|0x0000000087900000, 0x0000000087900000, 0x0000000087a00000|  0%| F|  |TAMS 0x0000000087900000, 0x0000000087900000| Untracked 
|  60|0x0000000087a00000, 0x0000000087a00000, 0x0000000087b00000|  0%| F|  |TAMS 0x0000000087a00000, 0x0000000087a00000| Untracked 
|  61|0x0000000087b00000, 0x0000000087b00000, 0x0000000087c00000|  0%| F|  |TAMS 0x0000000087b00000, 0x0000000087b00000| Untracked 
|  62|0x0000000087c00000, 0x0000000087c00000, 0x0000000087d00000|  0%| F|  |TAMS 0x0000000087c00000, 0x0000000087c00000| Untracked 
|  63|0x0000000087d00000, 0x0000000087d00000, 0x0000000087e00000|  0%| F|  |TAMS 0x0000000087d00000, 0x0000000087d00000| Untracked 
|  64|0x0000000087e00000, 0x0000000087e00000, 0x0000000087f00000|  0%| F|  |TAMS 0x0000000087e00000, 0x0000000087e00000| Untracked 
|  65|0x0000000087f00000, 0x0000000087f00000, 0x0000000088000000|  0%| F|  |TAMS 0x0000000087f00000, 0x0000000087f00000| Untracked 
|  66|0x0000000088000000, 0x00000000880fffe0, 0x0000000088100000| 99%| O|  |TAMS 0x00000000880fffe0, 0x0000000088000000| Untracked 
|  67|0x0000000088100000, 0x0000000088100000, 0x0000000088200000|  0%| F|  |TAMS 0x0000000088100000, 0x0000000088100000| Untracked 
|  68|0x0000000088200000, 0x0000000088200000, 0x0000000088300000|  0%| F|  |TAMS 0x0000000088200000, 0x0000000088200000| Untracked 
|  69|0x0000000088300000, 0x0000000088300000, 0x0000000088400000|  0%| F|  |TAMS 0x0000000088300000, 0x0000000088300000| Untracked 
|  70|0x0000000088400000, 0x0000000088400000, 0x0000000088500000|  0%| F|  |TAMS 0x0000000088400000, 0x0000000088400000| Untracked 
|  71|0x0000000088500000, 0x0000000088500000, 0x0000000088600000|  0%| F|  |TAMS 0x0000000088500000, 0x0000000088500000| Untracked 
|  72|0x0000000088600000, 0x0000000088600000, 0x0000000088700000|  0%| F|  |TAMS 0x0000000088600000, 0x0000000088600000| Untracked 
|  73|0x0000000088700000, 0x0000000088700000, 0x0000000088800000|  0%| F|  |TAMS 0x0000000088700000, 0x0000000088700000| Untracked 
|  74|0x0000000088800000, 0x0000000088800000, 0x0000000088900000|  0%| F|  |TAMS 0x0000000088800000, 0x0000000088800000| Untracked 
|  75|0x0000000088900000, 0x0000000088900000, 0x0000000088a00000|  0%| F|  |TAMS 0x0000000088900000, 0x0000000088900000| Untracked 
|  76|0x0000000088a00000, 0x0000000088a00000, 0x0000000088b00000|  0%| F|  |TAMS 0x0000000088a00000, 0x0000000088a00000| Untracked 
|  77|0x0000000088b00000, 0x0000000088b00000, 0x0000000088c00000|  0%| F|  |TAMS 0x0000000088b00000, 0x0000000088b00000| Untracked 
|  78|0x0000000088c00000, 0x0000000088c00000, 0x0000000088d00000|  0%| F|  |TAMS 0x0000000088c00000, 0x0000000088c00000| Untracked 
|  79|0x0000000088d00000, 0x0000000088d00000, 0x0000000088e00000|  0%| F|  |TAMS 0x0000000088d00000, 0x0000000088d00000| Untracked 
|  80|0x0000000088e00000, 0x0000000088e00000, 0x0000000088f00000|  0%| F|  |TAMS 0x0000000088e00000, 0x0000000088e00000| Untracked 
|  81|0x0000000088f00000, 0x0000000088f00000, 0x0000000089000000|  0%| F|  |TAMS 0x0000000088f00000, 0x0000000088f00000| Untracked 
|  82|0x0000000089000000, 0x0000000089000000, 0x0000000089100000|  0%| F|  |TAMS 0x0000000089000000, 0x0000000089000000| Untracked 
|  83|0x0000000089100000, 0x0000000089100000, 0x0000000089200000|  0%| F|  |TAMS 0x0000000089100000, 0x0000000089100000| Untracked 
|  84|0x0000000089200000, 0x0000000089200000, 0x0000000089300000|  0%| F|  |TAMS 0x0000000089200000, 0x0000000089200000| Untracked 
|  85|0x0000000089300000, 0x0000000089400000, 0x0000000089400000|100%|HS|  |TAMS 0x0000000089400000, 0x0000000089300000| Untracked 
|  86|0x0000000089400000, 0x0000000089400000, 0x0000000089500000|  0%| F|  |TAMS 0x0000000089400000, 0x0000000089400000| Untracked 
|  87|0x0000000089500000, 0x0000000089500000, 0x0000000089600000|  0%| F|  |TAMS 0x0000000089500000, 0x0000000089500000| Untracked 
|  88|0x0000000089600000, 0x0000000089600000, 0x0000000089700000|  0%| F|  |TAMS 0x0000000089600000, 0x0000000089600000| Untracked 
|  89|0x0000000089700000, 0x0000000089700000, 0x0000000089800000|  0%| F|  |TAMS 0x0000000089700000, 0x0000000089700000| Untracked 
|  90|0x0000000089800000, 0x0000000089800000, 0x0000000089900000|  0%| F|  |TAMS 0x0000000089800000, 0x0000000089800000| Untracked 
|  91|0x0000000089900000, 0x0000000089900000, 0x0000000089a00000|  0%| F|  |TAMS 0x0000000089900000, 0x0000000089900000| Untracked 
|  92|0x0000000089a00000, 0x0000000089a00000, 0x0000000089b00000|  0%| F|  |TAMS 0x0000000089a00000, 0x0000000089a00000| Untracked 
|  93|0x0000000089b00000, 0x0000000089b00000, 0x0000000089c00000|  0%| F|  |TAMS 0x0000000089b00000, 0x0000000089b00000| Untracked 
|  94|0x0000000089c00000, 0x0000000089c00000, 0x0000000089d00000|  0%| F|  |TAMS 0x0000000089c00000, 0x0000000089c00000| Untracked 
|  95|0x0000000089d00000, 0x0000000089d00000, 0x0000000089e00000|  0%| F|  |TAMS 0x0000000089d00000, 0x0000000089d00000| Untracked 
|  96|0x0000000089e00000, 0x0000000089e00000, 0x0000000089f00000|  0%| F|  |TAMS 0x0000000089e00000, 0x0000000089e00000| Untracked 
|  97|0x0000000089f00000, 0x0000000089f00000, 0x000000008a000000|  0%| F|  |TAMS 0x0000000089f00000, 0x0000000089f00000| Untracked 
|  98|0x000000008a000000, 0x000000008a000000, 0x000000008a100000|  0%| F|  |TAMS 0x000000008a000000, 0x000000008a000000| Untracked 
|  99|0x000000008a100000, 0x000000008a100000, 0x000000008a200000|  0%| F|  |TAMS 0x000000008a100000, 0x000000008a100000| Untracked 
| 100|0x000000008a200000, 0x000000008a200000, 0x000000008a300000|  0%| F|  |TAMS 0x000000008a200000, 0x000000008a200000| Untracked 
| 101|0x000000008a300000, 0x000000008a300000, 0x000000008a400000|  0%| F|  |TAMS 0x000000008a300000, 0x000000008a300000| Untracked 
| 102|0x000000008a400000, 0x000000008a400000, 0x000000008a500000|  0%| F|  |TAMS 0x000000008a400000, 0x000000008a400000| Untracked 
| 103|0x000000008a500000, 0x000000008a500000, 0x000000008a600000|  0%| F|  |TAMS 0x000000008a500000, 0x000000008a500000| Untracked 
| 104|0x000000008a600000, 0x000000008a600000, 0x000000008a700000|  0%| F|  |TAMS 0x000000008a600000, 0x000000008a600000| Untracked 
| 105|0x000000008a700000, 0x000000008a700000, 0x000000008a800000|  0%| F|  |TAMS 0x000000008a700000, 0x000000008a700000| Untracked 
| 106|0x000000008a800000, 0x000000008a800000, 0x000000008a900000|  0%| F|  |TAMS 0x000000008a800000, 0x000000008a800000| Untracked 
| 107|0x000000008a900000, 0x000000008a900000, 0x000000008aa00000|  0%| F|  |TAMS 0x000000008a900000, 0x000000008a900000| Untracked 
| 108|0x000000008aa00000, 0x000000008aa00000, 0x000000008ab00000|  0%| F|  |TAMS 0x000000008aa00000, 0x000000008aa00000| Untracked 
| 109|0x000000008ab00000, 0x000000008ab00000, 0x000000008ac00000|  0%| F|  |TAMS 0x000000008ab00000, 0x000000008ab00000| Untracked 
| 110|0x000000008ac00000, 0x000000008ac00000, 0x000000008ad00000|  0%| F|  |TAMS 0x000000008ac00000, 0x000000008ac00000| Untracked 
| 111|0x000000008ad00000, 0x000000008ad00000, 0x000000008ae00000|  0%| F|  |TAMS 0x000000008ad00000, 0x000000008ad00000| Untracked 
| 112|0x000000008ae00000, 0x000000008ae00000, 0x000000008af00000|  0%| F|  |TAMS 0x000000008ae00000, 0x000000008ae00000| Untracked 
| 113|0x000000008af00000, 0x000000008af00000, 0x000000008b000000|  0%| F|  |TAMS 0x000000008af00000, 0x000000008af00000| Untracked 
| 114|0x000000008b000000, 0x000000008b000000, 0x000000008b100000|  0%| F|  |TAMS 0x000000008b000000, 0x000000008b000000| Untracked 
| 115|0x000000008b100000, 0x000000008b100000, 0x000000008b200000|  0%| F|  |TAMS 0x000000008b100000, 0x000000008b100000| Untracked 
| 116|0x000000008b200000, 0x000000008b200000, 0x000000008b300000|  0%| F|  |TAMS 0x000000008b200000, 0x000000008b200000| Untracked 
| 117|0x000000008b300000, 0x000000008b300000, 0x000000008b400000|  0%| F|  |TAMS 0x000000008b300000, 0x000000008b300000| Untracked 
| 118|0x000000008b400000, 0x000000008b400000, 0x000000008b500000|  0%| F|  |TAMS 0x000000008b400000, 0x000000008b400000| Untracked 
| 119|0x000000008b500000, 0x000000008b500000, 0x000000008b600000|  0%| F|  |TAMS 0x000000008b500000, 0x000000008b500000| Untracked 
| 120|0x000000008b600000, 0x000000008b600000, 0x000000008b700000|  0%| F|  |TAMS 0x000000008b600000, 0x000000008b600000| Untracked 
| 121|0x000000008b700000, 0x000000008b700000, 0x000000008b800000|  0%| F|  |TAMS 0x000000008b700000, 0x000000008b700000| Untracked 
| 122|0x000000008b800000, 0x000000008b800000, 0x000000008b900000|  0%| F|  |TAMS 0x000000008b800000, 0x000000008b800000| Untracked 
| 123|0x000000008b900000, 0x000000008b900000, 0x000000008ba00000|  0%| F|  |TAMS 0x000000008b900000, 0x000000008b900000| Untracked 
| 124|0x000000008ba00000, 0x000000008ba00000, 0x000000008bb00000|  0%| F|  |TAMS 0x000000008ba00000, 0x000000008ba00000| Untracked 
| 125|0x000000008bb00000, 0x000000008bb00000, 0x000000008bc00000|  0%| F|  |TAMS 0x000000008bb00000, 0x000000008bb00000| Untracked 
| 126|0x000000008bc00000, 0x000000008bc00000, 0x000000008bd00000|  0%| F|  |TAMS 0x000000008bc00000, 0x000000008bc00000| Untracked 
| 127|0x000000008bd00000, 0x000000008bd00000, 0x000000008be00000|  0%| F|  |TAMS 0x000000008bd00000, 0x000000008bd00000| Untracked 
| 128|0x000000008be00000, 0x000000008be00000, 0x000000008bf00000|  0%| F|  |TAMS 0x000000008be00000, 0x000000008be00000| Untracked 
| 129|0x000000008bf00000, 0x000000008bf00000, 0x000000008c000000|  0%| F|  |TAMS 0x000000008bf00000, 0x000000008bf00000| Untracked 
| 130|0x000000008c000000, 0x000000008c000000, 0x000000008c100000|  0%| F|  |TAMS 0x000000008c000000, 0x000000008c000000| Untracked 
| 131|0x000000008c100000, 0x000000008c100000, 0x000000008c200000|  0%| F|  |TAMS 0x000000008c100000, 0x000000008c100000| Untracked 
| 132|0x000000008c200000, 0x000000008c200000, 0x000000008c300000|  0%| F|  |TAMS 0x000000008c200000, 0x000000008c200000| Untracked 
| 133|0x000000008c300000, 0x000000008c300000, 0x000000008c400000|  0%| F|  |TAMS 0x000000008c300000, 0x000000008c300000| Untracked 
| 134|0x000000008c400000, 0x000000008c400000, 0x000000008c500000|  0%| F|  |TAMS 0x000000008c400000, 0x000000008c400000| Untracked 
| 135|0x000000008c500000, 0x000000008c500000, 0x000000008c600000|  0%| F|  |TAMS 0x000000008c500000, 0x000000008c500000| Untracked 
| 136|0x000000008c600000, 0x000000008c600000, 0x000000008c700000|  0%| F|  |TAMS 0x000000008c600000, 0x000000008c600000| Untracked 
| 137|0x000000008c700000, 0x000000008c700000, 0x000000008c800000|  0%| F|  |TAMS 0x000000008c700000, 0x000000008c700000| Untracked 
| 138|0x000000008c800000, 0x000000008c800000, 0x000000008c900000|  0%| F|  |TAMS 0x000000008c800000, 0x000000008c800000| Untracked 
| 139|0x000000008c900000, 0x000000008c900000, 0x000000008ca00000|  0%| F|  |TAMS 0x000000008c900000, 0x000000008c900000| Untracked 
| 140|0x000000008ca00000, 0x000000008ca00000, 0x000000008cb00000|  0%| F|  |TAMS 0x000000008ca00000, 0x000000008ca00000| Untracked 
| 141|0x000000008cb00000, 0x000000008cb00000, 0x000000008cc00000|  0%| F|  |TAMS 0x000000008cb00000, 0x000000008cb00000| Untracked 
| 142|0x000000008cc00000, 0x000000008cc00000, 0x000000008cd00000|  0%| F|  |TAMS 0x000000008cc00000, 0x000000008cc00000| Untracked 
| 143|0x000000008cd00000, 0x000000008cd00000, 0x000000008ce00000|  0%| F|  |TAMS 0x000000008cd00000, 0x000000008cd00000| Untracked 
| 144|0x000000008ce00000, 0x000000008ce00000, 0x000000008cf00000|  0%| F|  |TAMS 0x000000008ce00000, 0x000000008ce00000| Untracked 
| 145|0x000000008cf00000, 0x000000008cf00000, 0x000000008d000000|  0%| F|  |TAMS 0x000000008cf00000, 0x000000008cf00000| Untracked 
| 146|0x000000008d000000, 0x000000008d000000, 0x000000008d100000|  0%| F|  |TAMS 0x000000008d000000, 0x000000008d000000| Untracked 
| 147|0x000000008d100000, 0x000000008d100000, 0x000000008d200000|  0%| F|  |TAMS 0x000000008d100000, 0x000000008d100000| Untracked 
| 148|0x000000008d200000, 0x000000008d200000, 0x000000008d300000|  0%| F|  |TAMS 0x000000008d200000, 0x000000008d200000| Untracked 
| 149|0x000000008d300000, 0x000000008d300000, 0x000000008d400000|  0%| F|  |TAMS 0x000000008d300000, 0x000000008d300000| Untracked 
| 150|0x000000008d400000, 0x000000008d400000, 0x000000008d500000|  0%| F|  |TAMS 0x000000008d400000, 0x000000008d400000| Untracked 
| 151|0x000000008d500000, 0x000000008d500000, 0x000000008d600000|  0%| F|  |TAMS 0x000000008d500000, 0x000000008d500000| Untracked 
| 152|0x000000008d600000, 0x000000008d600000, 0x000000008d700000|  0%| F|  |TAMS 0x000000008d600000, 0x000000008d600000| Untracked 
| 153|0x000000008d700000, 0x000000008d700000, 0x000000008d800000|  0%| F|  |TAMS 0x000000008d700000, 0x000000008d700000| Untracked 
| 154|0x000000008d800000, 0x000000008d800000, 0x000000008d900000|  0%| F|  |TAMS 0x000000008d800000, 0x000000008d800000| Untracked 
| 155|0x000000008d900000, 0x000000008d900000, 0x000000008da00000|  0%| F|  |TAMS 0x000000008d900000, 0x000000008d900000| Untracked 
| 156|0x000000008da00000, 0x000000008da00000, 0x000000008db00000|  0%| F|  |TAMS 0x000000008da00000, 0x000000008da00000| Untracked 
| 157|0x000000008db00000, 0x000000008db00000, 0x000000008dc00000|  0%| F|  |TAMS 0x000000008db00000, 0x000000008db00000| Untracked 
| 158|0x000000008dc00000, 0x000000008dc00000, 0x000000008dd00000|  0%| F|  |TAMS 0x000000008dc00000, 0x000000008dc00000| Untracked 
| 159|0x000000008dd00000, 0x000000008dd00000, 0x000000008de00000|  0%| F|  |TAMS 0x000000008dd00000, 0x000000008dd00000| Untracked 
| 160|0x000000008de00000, 0x000000008de00000, 0x000000008df00000|  0%| F|  |TAMS 0x000000008de00000, 0x000000008de00000| Untracked 
| 161|0x000000008df00000, 0x000000008df00000, 0x000000008e000000|  0%| F|  |TAMS 0x000000008df00000, 0x000000008df00000| Untracked 
| 162|0x000000008e000000, 0x000000008e000000, 0x000000008e100000|  0%| F|  |TAMS 0x000000008e000000, 0x000000008e000000| Untracked 
| 163|0x000000008e100000, 0x000000008e100000, 0x000000008e200000|  0%| F|  |TAMS 0x000000008e100000, 0x000000008e100000| Untracked 
| 164|0x000000008e200000, 0x000000008e200000, 0x000000008e300000|  0%| F|  |TAMS 0x000000008e200000, 0x000000008e200000| Untracked 
| 165|0x000000008e300000, 0x000000008e300000, 0x000000008e400000|  0%| F|  |TAMS 0x000000008e300000, 0x000000008e300000| Untracked 
| 166|0x000000008e400000, 0x000000008e400000, 0x000000008e500000|  0%| F|  |TAMS 0x000000008e400000, 0x000000008e400000| Untracked 
| 167|0x000000008e500000, 0x000000008e500000, 0x000000008e600000|  0%| F|  |TAMS 0x000000008e500000, 0x000000008e500000| Untracked 
| 168|0x000000008e600000, 0x000000008e600000, 0x000000008e700000|  0%| F|  |TAMS 0x000000008e600000, 0x000000008e600000| Untracked 
| 169|0x000000008e700000, 0x000000008e700000, 0x000000008e800000|  0%| F|  |TAMS 0x000000008e700000, 0x000000008e700000| Untracked 
| 170|0x000000008e800000, 0x000000008e800000, 0x000000008e900000|  0%| F|  |TAMS 0x000000008e800000, 0x000000008e800000| Untracked 
| 171|0x000000008e900000, 0x000000008e900000, 0x000000008ea00000|  0%| F|  |TAMS 0x000000008e900000, 0x000000008e900000| Untracked 
| 172|0x000000008ea00000, 0x000000008ea00000, 0x000000008eb00000|  0%| F|  |TAMS 0x000000008ea00000, 0x000000008ea00000| Untracked 
| 173|0x000000008eb00000, 0x000000008eb00000, 0x000000008ec00000|  0%| F|  |TAMS 0x000000008eb00000, 0x000000008eb00000| Untracked 
| 174|0x000000008ec00000, 0x000000008ec00000, 0x000000008ed00000|  0%| F|  |TAMS 0x000000008ec00000, 0x000000008ec00000| Untracked 
| 175|0x000000008ed00000, 0x000000008ed00000, 0x000000008ee00000|  0%| F|  |TAMS 0x000000008ed00000, 0x000000008ed00000| Untracked 
| 176|0x000000008ee00000, 0x000000008ee00000, 0x000000008ef00000|  0%| F|  |TAMS 0x000000008ee00000, 0x000000008ee00000| Untracked 
| 177|0x000000008ef00000, 0x000000008ef00000, 0x000000008f000000|  0%| F|  |TAMS 0x000000008ef00000, 0x000000008ef00000| Untracked 
| 178|0x000000008f000000, 0x000000008f000000, 0x000000008f100000|  0%| F|  |TAMS 0x000000008f000000, 0x000000008f000000| Untracked 
| 179|0x000000008f100000, 0x000000008f100000, 0x000000008f200000|  0%| F|  |TAMS 0x000000008f100000, 0x000000008f100000| Untracked 
| 180|0x000000008f200000, 0x000000008f200000, 0x000000008f300000|  0%| F|  |TAMS 0x000000008f200000, 0x000000008f200000| Untracked 
| 181|0x000000008f300000, 0x000000008f300000, 0x000000008f400000|  0%| F|  |TAMS 0x000000008f300000, 0x000000008f300000| Untracked 
| 182|0x000000008f400000, 0x000000008f400000, 0x000000008f500000|  0%| F|  |TAMS 0x000000008f400000, 0x000000008f400000| Untracked 
| 183|0x000000008f500000, 0x000000008f500000, 0x000000008f600000|  0%| F|  |TAMS 0x000000008f500000, 0x000000008f500000| Untracked 
| 184|0x000000008f600000, 0x000000008f600000, 0x000000008f700000|  0%| F|  |TAMS 0x000000008f600000, 0x000000008f600000| Untracked 
| 185|0x000000008f700000, 0x000000008f700000, 0x000000008f800000|  0%| F|  |TAMS 0x000000008f700000, 0x000000008f700000| Untracked 
| 186|0x000000008f800000, 0x000000008f800000, 0x000000008f900000|  0%| F|  |TAMS 0x000000008f800000, 0x000000008f800000| Untracked 
| 187|0x000000008f900000, 0x000000008f900000, 0x000000008fa00000|  0%| F|  |TAMS 0x000000008f900000, 0x000000008f900000| Untracked 
| 188|0x000000008fa00000, 0x000000008fa00000, 0x000000008fb00000|  0%| F|  |TAMS 0x000000008fa00000, 0x000000008fa00000| Untracked 
| 189|0x000000008fb00000, 0x000000008fb00000, 0x000000008fc00000|  0%| F|  |TAMS 0x000000008fb00000, 0x000000008fb00000| Untracked 
| 190|0x000000008fc00000, 0x000000008fc00000, 0x000000008fd00000|  0%| F|  |TAMS 0x000000008fc00000, 0x000000008fc00000| Untracked 
| 191|0x000000008fd00000, 0x000000008fd00000, 0x000000008fe00000|  0%| F|  |TAMS 0x000000008fd00000, 0x000000008fd00000| Untracked 
| 192|0x000000008fe00000, 0x000000008fe00000, 0x000000008ff00000|  0%| F|  |TAMS 0x000000008fe00000, 0x000000008fe00000| Untracked 
| 193|0x000000008ff00000, 0x000000008ff00000, 0x0000000090000000|  0%| F|  |TAMS 0x000000008ff00000, 0x000000008ff00000| Untracked 
| 194|0x0000000090000000, 0x00000000900058a8, 0x0000000090100000|  2%| E|  |TAMS 0x0000000090000000, 0x0000000090000000| Complete 
| 242|0x0000000093000000, 0x0000000093100000, 0x0000000093100000|100%| O|  |TAMS 0x0000000093100000, 0x0000000093000000| Untracked 
| 244|0x0000000093200000, 0x0000000093300000, 0x0000000093300000|100%| O|  |TAMS 0x0000000093300000, 0x0000000093200000| Untracked 
| 245|0x0000000093300000, 0x0000000093400000, 0x0000000093400000|100%| O|  |TAMS 0x0000000093400000, 0x0000000093300000| Untracked 
| 246|0x0000000093400000, 0x0000000093500000, 0x0000000093500000|100%| O|  |TAMS 0x0000000093500000, 0x0000000093400000| Untracked 
| 247|0x0000000093500000, 0x0000000093600000, 0x0000000093600000|100%| O|  |TAMS 0x0000000093600000, 0x0000000093500000| Untracked 
| 248|0x0000000093600000, 0x0000000093700000, 0x0000000093700000|100%| O|  |TAMS 0x0000000093700000, 0x0000000093600000| Untracked 
| 249|0x0000000093700000, 0x0000000093800000, 0x0000000093800000|100%| O|  |TAMS 0x0000000093800000, 0x0000000093700000| Untracked 
| 250|0x0000000093800000, 0x0000000093900000, 0x0000000093900000|100%| O|  |TAMS 0x0000000093900000, 0x0000000093800000| Untracked 
| 257|0x0000000093f00000, 0x0000000094000000, 0x0000000094000000|100%| O|  |TAMS 0x0000000094000000, 0x0000000093f00000| Untracked 
| 258|0x0000000094000000, 0x0000000094100000, 0x0000000094100000|100%| O|  |TAMS 0x0000000094100000, 0x0000000094000000| Untracked 
| 259|0x0000000094100000, 0x0000000094200000, 0x0000000094200000|100%| O|  |TAMS 0x0000000094200000, 0x0000000094100000| Untracked 
| 260|0x0000000094200000, 0x0000000094300000, 0x0000000094300000|100%| O|  |TAMS 0x0000000094300000, 0x0000000094200000| Untracked 

Card table byte_map: [0x00000251c6e90000,0x00000251c7280000] _byte_map_base: 0x00000251c6a71000

Marking Bits (Prev, Next): (CMBitMap*) 0x00000251c0d53590, (CMBitMap*) 0x00000251c0d53550
 Prev Bits: [0x00000251c9580000, 0x00000251cb488000)
 Next Bits: [0x00000251c7670000, 0x00000251c9578000)

Polling page: 0x00000251c04d0000

Metaspace:

Usage:
  Non-class:     46.97 MB used.
      Class:      7.19 MB used.
       Both:     54.16 MB used.

Virtual space:
  Non-class space:       48.00 MB reserved,      47.19 MB ( 98%) committed,  6 nodes.
      Class space:        1.00 GB reserved,       7.38 MB ( <1%) committed,  1 nodes.
             Both:        1.05 GB reserved,      54.56 MB (  5%) committed. 

Chunk freelists:
   Non-Class:  802.00 KB
       Class:  602.00 KB
        Both:  1.37 MB

MaxMetaspaceSize: unlimited
CompressedClassSpaceSize: 1.00 GB
Initial GC threshold: 21.00 MB
Current GC threshold: 90.88 MB
CDS: off
MetaspaceReclaimPolicy: balanced
 - commit_granule_bytes: 65536.
 - commit_granule_words: 8192.
 - virtual_space_node_default_size: 1048576.
 - enlarge_chunks_in_place: 1.
 - new_chunks_are_fully_committed: 0.
 - uncommit_free_chunks: 1.
 - use_allocation_guard: 0.
 - handle_deallocations: 1.


Internal statistics:

num_allocs_failed_limit: 6.
num_arena_births: 984.
num_arena_deaths: 524.
num_vsnodes_births: 7.
num_vsnodes_deaths: 0.
num_space_committed: 875.
num_space_uncommitted: 2.
num_chunks_returned_to_freelist: 730.
num_chunks_taken_from_freelist: 2998.
num_chunk_merges: 137.
num_chunk_splits: 1765.
num_chunks_enlarged: 1310.
num_purges: 78.
num_inconsistent_stats: 0.

CodeCache: size=49152Kb used=26138Kb max_used=26847Kb free=23013Kb
 bounds [0x00000251c3990000, 0x00000251c54b0000, 0x00000251c6990000]
 total_blobs=13677 nmethods=13061 adapters=540
 compilation: enabled
              stopped_count=0, restarted_count=0
 full_count=0

Compilation events (20 events):
Event: 174884.295 Thread 0x00000251ce94cbf0 13256       1       org.eclipse.jdt.internal.compiler.parser.RecoveredField::parseTree (5 bytes)
Event: 174884.301 Thread 0x00000251ce94cbf0 nmethod 13256 0x00000251c51a6390 code [0x00000251c51a6520, 0x00000251c51a65f8]
Event: 174914.825 Thread 0x00000251ce94cbf0 13257       1       org.springframework.ide.vscode.commons.util.text.linetracker.TreeLineTracker::rebalanceAfterDeletionRight (63 bytes)
Event: 174914.837 Thread 0x00000251ce94cbf0 nmethod 13257 0x00000251c51a5e90 code [0x00000251c51a6060, 0x00000251c51a6268]
Event: 174915.208 Thread 0x00000251ce94cbf0 13258       1       org.eclipse.jdt.internal.compiler.ast.CompoundAssignment::resolveType (615 bytes)
Event: 174915.284 Thread 0x00000251ce94cbf0 nmethod 13258 0x00000251c51a4090 code [0x00000251c51a4480, 0x00000251c51a53f8]
Event: 174916.806 Thread 0x00000251ce94cbf0 13263       1       sun.nio.cs.MS1252::newDecoder (14 bytes)
Event: 174916.817 Thread 0x00000251ce94cbf0 nmethod 13263 0x00000251c51a3c10 code [0x00000251c51a3de0, 0x00000251c51a3fc8]
Event: 174916.817 Thread 0x00000251ce94cbf0 13264       1       sun.nio.cs.SingleByte$Decoder::<init> (30 bytes)
Event: 174916.817 Thread 0x00000251ce94cbf0 nmethod 13264 0x00000251c51a3810 code [0x00000251c51a39e0, 0x00000251c51a3b68]
Event: 174916.817 Thread 0x00000251ce94cbf0 13265       1       sun.nio.cs.SingleByte$Decoder::implReplaceWith (10 bytes)
Event: 174916.825 Thread 0x00000251ce94cbf0 nmethod 13265 0x00000251c51a3290 code [0x00000251c51a3440, 0x00000251c51a3638]
Event: 174917.216 Thread 0x00000251ce94cbf0 13266       1       org.eclipse.jdt.core.dom.ASTConverter::setQualifiedNameNameAndSourceRanges (438 bytes)
Event: 174917.260 Thread 0x00000251ce94cbf0 nmethod 13266 0x00000251c51a0690 code [0x00000251c51a0aa0, 0x00000251c51a2448]
Event: 174917.260 Thread 0x00000251ce94cbf0 13267       1       org.eclipse.jdt.core.dom.DefaultASTVisitor::visit (6 bytes)
Event: 174917.262 Thread 0x00000251ce94cbf0 nmethod 13267 0x00000251c51a0390 code [0x00000251c51a0520, 0x00000251c51a0608]
Event: 174917.262 Thread 0x00000251ce94cbf0 13268       1       org.eclipse.jdt.core.dom.DefaultASTVisitor::endVisit (6 bytes)
Event: 174917.264 Thread 0x00000251ce94cbf0 nmethod 13268 0x00000251c51a0090 code [0x00000251c51a0220, 0x00000251c51a0308]
Event: 174919.866 Thread 0x00000251ce94cbf0 13269       1       org.springframework.ide.vscode.commons.util.text.linetracker.TreeLineTracker::rightLeftRotation (85 bytes)
Event: 174919.867 Thread 0x00000251ce94cbf0 nmethod 13269 0x00000251c519fb90 code [0x00000251c519fd40, 0x00000251c519ff38]

GC Heap History (20 events):
Event: 189149.410 GC heap before
{Heap before GC invocations=7085 (full 6000):
 garbage-first heap   total 211968K, used 62987K [0x0000000083e00000, 0x0000000100000000)
  region size 1024K, 1 young (1024K), 0 survivors (0K)
 Metaspace       used 55459K, committed 55872K, reserved 1097728K
  class space    used 7365K, committed 7552K, reserved 1048576K
}
Event: 189149.456 GC heap after
{Heap after GC invocations=7086 (full 6001):
 garbage-first heap   total 211968K, used 62987K [0x0000000083e00000, 0x0000000100000000)
  region size 1024K, 0 young (0K), 0 survivors (0K)
 Metaspace       used 55459K, committed 55872K, reserved 1097728K
  class space    used 7365K, committed 7552K, reserved 1048576K
}
Event: 189159.598 GC heap before
{Heap before GC invocations=7086 (full 6001):
 garbage-first heap   total 211968K, used 62987K [0x0000000083e00000, 0x0000000100000000)
  region size 1024K, 1 young (1024K), 0 survivors (0K)
 Metaspace       used 55459K, committed 55872K, reserved 1097728K
  class space    used 7365K, committed 7552K, reserved 1048576K
}
Event: 189159.649 GC heap after
{Heap after GC invocations=7087 (full 6002):
 garbage-first heap   total 211968K, used 62987K [0x0000000083e00000, 0x0000000100000000)
  region size 1024K, 0 young (0K), 0 survivors (0K)
 Metaspace       used 55459K, committed 55872K, reserved 1097728K
  class space    used 7365K, committed 7552K, reserved 1048576K
}
Event: 189169.782 GC heap before
{Heap before GC invocations=7087 (full 6002):
 garbage-first heap   total 211968K, used 62987K [0x0000000083e00000, 0x0000000100000000)
  region size 1024K, 1 young (1024K), 0 survivors (0K)
 Metaspace       used 55459K, committed 55872K, reserved 1097728K
  class space    used 7365K, committed 7552K, reserved 1048576K
}
Event: 189169.833 GC heap after
{Heap after GC invocations=7088 (full 6003):
 garbage-first heap   total 211968K, used 62987K [0x0000000083e00000, 0x0000000100000000)
  region size 1024K, 0 young (0K), 0 survivors (0K)
 Metaspace       used 55459K, committed 55872K, reserved 1097728K
  class space    used 7365K, committed 7552K, reserved 1048576K
}
Event: 189179.987 GC heap before
{Heap before GC invocations=7088 (full 6003):
 garbage-first heap   total 211968K, used 62987K [0x0000000083e00000, 0x0000000100000000)
  region size 1024K, 1 young (1024K), 0 survivors (0K)
 Metaspace       used 55459K, committed 55872K, reserved 1097728K
  class space    used 7365K, committed 7552K, reserved 1048576K
}
Event: 189180.044 GC heap after
{Heap after GC invocations=7089 (full 6004):
 garbage-first heap   total 211968K, used 62987K [0x0000000083e00000, 0x0000000100000000)
  region size 1024K, 0 young (0K), 0 survivors (0K)
 Metaspace       used 55459K, committed 55872K, reserved 1097728K
  class space    used 7365K, committed 7552K, reserved 1048576K
}
Event: 189190.176 GC heap before
{Heap before GC invocations=7089 (full 6004):
 garbage-first heap   total 211968K, used 62987K [0x0000000083e00000, 0x0000000100000000)
  region size 1024K, 1 young (1024K), 0 survivors (0K)
 Metaspace       used 55459K, committed 55872K, reserved 1097728K
  class space    used 7365K, committed 7552K, reserved 1048576K
}
Event: 189190.235 GC heap after
{Heap after GC invocations=7090 (full 6005):
 garbage-first heap   total 211968K, used 62987K [0x0000000083e00000, 0x0000000100000000)
  region size 1024K, 0 young (0K), 0 survivors (0K)
 Metaspace       used 55459K, committed 55872K, reserved 1097728K
  class space    used 7365K, committed 7552K, reserved 1048576K
}
Event: 189201.165 GC heap before
{Heap before GC invocations=7090 (full 6005):
 garbage-first heap   total 211968K, used 62987K [0x0000000083e00000, 0x0000000100000000)
  region size 1024K, 1 young (1024K), 0 survivors (0K)
 Metaspace       used 55459K, committed 55872K, reserved 1097728K
  class space    used 7365K, committed 7552K, reserved 1048576K
}
Event: 189202.145 GC heap after
{Heap after GC invocations=7091 (full 6006):
 garbage-first heap   total 211968K, used 62987K [0x0000000083e00000, 0x0000000100000000)
  region size 1024K, 0 young (0K), 0 survivors (0K)
 Metaspace       used 55459K, committed 55872K, reserved 1097728K
  class space    used 7365K, committed 7552K, reserved 1048576K
}
Event: 189213.377 GC heap before
{Heap before GC invocations=7091 (full 6006):
 garbage-first heap   total 211968K, used 62987K [0x0000000083e00000, 0x0000000100000000)
  region size 1024K, 1 young (1024K), 0 survivors (0K)
 Metaspace       used 55459K, committed 55872K, reserved 1097728K
  class space    used 7365K, committed 7552K, reserved 1048576K
}
Event: 189213.726 GC heap after
{Heap after GC invocations=7092 (full 6007):
 garbage-first heap   total 211968K, used 62987K [0x0000000083e00000, 0x0000000100000000)
  region size 1024K, 0 young (0K), 0 survivors (0K)
 Metaspace       used 55459K, committed 55872K, reserved 1097728K
  class space    used 7365K, committed 7552K, reserved 1048576K
}
Event: 189225.093 GC heap before
{Heap before GC invocations=7092 (full 6007):
 garbage-first heap   total 211968K, used 62987K [0x0000000083e00000, 0x0000000100000000)
  region size 1024K, 1 young (1024K), 0 survivors (0K)
 Metaspace       used 55459K, committed 55872K, reserved 1097728K
  class space    used 7365K, committed 7552K, reserved 1048576K
}
Event: 189225.177 GC heap after
{Heap after GC invocations=7093 (full 6008):
 garbage-first heap   total 211968K, used 62987K [0x0000000083e00000, 0x0000000100000000)
  region size 1024K, 0 young (0K), 0 survivors (0K)
 Metaspace       used 55459K, committed 55872K, reserved 1097728K
  class space    used 7365K, committed 7552K, reserved 1048576K
}
Event: 189235.884 GC heap before
{Heap before GC invocations=7093 (full 6008):
 garbage-first heap   total 211968K, used 62987K [0x0000000083e00000, 0x0000000100000000)
  region size 1024K, 1 young (1024K), 0 survivors (0K)
 Metaspace       used 55459K, committed 55872K, reserved 1097728K
  class space    used 7365K, committed 7552K, reserved 1048576K
}
Event: 189235.985 GC heap after
{Heap after GC invocations=7094 (full 6009):
 garbage-first heap   total 211968K, used 62987K [0x0000000083e00000, 0x0000000100000000)
  region size 1024K, 0 young (0K), 0 survivors (0K)
 Metaspace       used 55459K, committed 55872K, reserved 1097728K
  class space    used 7365K, committed 7552K, reserved 1048576K
}
Event: 189247.473 GC heap before
{Heap before GC invocations=7094 (full 6009):
 garbage-first heap   total 211968K, used 62987K [0x0000000083e00000, 0x0000000100000000)
  region size 1024K, 1 young (1024K), 0 survivors (0K)
 Metaspace       used 55459K, committed 55872K, reserved 1097728K
  class space    used 7365K, committed 7552K, reserved 1048576K
}
Event: 189248.165 GC heap after
{Heap after GC invocations=7095 (full 6010):
 garbage-first heap   total 211968K, used 62987K [0x0000000083e00000, 0x0000000100000000)
  region size 1024K, 0 young (0K), 0 survivors (0K)
 Metaspace       used 55459K, committed 55872K, reserved 1097728K
  class space    used 7365K, committed 7552K, reserved 1048576K
}

Deoptimization events (20 events):
Event: 1244.995 Thread 0x00000251d0db23c0 DEOPT PACKING pc=0x00000251c4f62ec4 sp=0x000000bca04fd900
Event: 1244.996 Thread 0x00000251d0db23c0 DEOPT UNPACKING pc=0x00000251c39e6763 sp=0x000000bca04fce28 mode 3
Event: 4339.544 Thread 0x00000251d0db0bb0 DEOPT PACKING pc=0x00000251c4e544d1 sp=0x000000bca04fde60
Event: 4339.545 Thread 0x00000251d0db0bb0 DEOPT UNPACKING pc=0x00000251c39e6763 sp=0x000000bca04fd348 mode 3
Event: 7840.990 Thread 0x00000251d0db4570 DEOPT PACKING pc=0x00000251c459933e sp=0x000000bca26fe660
Event: 7840.991 Thread 0x00000251d0db4570 DEOPT UNPACKING pc=0x00000251c39e6763 sp=0x000000bca26fdbf0 mode 0
Event: 8834.545 Thread 0x00000251d0db23c0 DEOPT PACKING pc=0x00000251c4b4c56a sp=0x000000bca17fd990
Event: 8834.546 Thread 0x00000251d0db23c0 DEOPT UNPACKING pc=0x00000251c39e6763 sp=0x000000bca17fced8 mode 3
Event: 8994.994 Thread 0x00000251d0dafd40 DEOPT PACKING pc=0x00000251c4f92c93 sp=0x000000bca04fe240
Event: 8994.994 Thread 0x00000251d0dafd40 DEOPT UNPACKING pc=0x00000251c39e6763 sp=0x000000bca04fd7d0 mode 3
Event: 9436.921 Thread 0x00000251d0dafd40 DEOPT PACKING pc=0x00000251c45bce3c sp=0x000000bca04fdc10
Event: 9436.923 Thread 0x00000251d0dafd40 DEOPT UNPACKING pc=0x00000251c39e6763 sp=0x000000bca04fd0f8 mode 0
Event: 12271.175 Thread 0x00000251d094d5e0 DEOPT PACKING pc=0x00000251c4a649fd sp=0x000000bca3cfd950
Event: 12271.177 Thread 0x00000251d094d5e0 DEOPT UNPACKING pc=0x00000251c39e6763 sp=0x000000bca3cfceb8 mode 3
Event: 16649.759 Thread 0x00000251d0db2890 DEOPT PACKING pc=0x00000251c4c16bd0 sp=0x000000bca17fe3c0
Event: 16649.761 Thread 0x00000251d0db2890 DEOPT UNPACKING pc=0x00000251c39e6763 sp=0x000000bca17fd890 mode 3
Event: 92809.888 Thread 0x00000251d0db4f10 DEOPT PACKING pc=0x00000251c534ea0a sp=0x000000bca17fdd90
Event: 92809.890 Thread 0x00000251d0db4f10 DEOPT UNPACKING pc=0x00000251c39e6763 sp=0x000000bca17fd200 mode 3
Event: 163178.376 Thread 0x00000251d094dab0 DEOPT PACKING pc=0x00000251c4af4aed sp=0x000000bca43fd3c0
Event: 163178.379 Thread 0x00000251d094dab0 DEOPT UNPACKING pc=0x00000251c39e6763 sp=0x000000bca43fca48 mode 3

Classes unloaded (20 events):
Event: 164552.445 Thread 0x00000251cdf53650 Unloading class 0x00000001000d1000 'jdk/internal/reflect/GeneratedConstructorAccessor120'
Event: 164552.445 Thread 0x00000251cdf53650 Unloading class 0x000000010075a800 'jdk/internal/reflect/GeneratedMethodAccessor142'
Event: 164552.445 Thread 0x00000251cdf53650 Unloading class 0x000000010035cc00 'jdk/internal/reflect/GeneratedMethodAccessor141'
Event: 164552.445 Thread 0x00000251cdf53650 Unloading class 0x0000000100203000 'jdk/internal/reflect/GeneratedMethodAccessor140'
Event: 164552.445 Thread 0x00000251cdf53650 Unloading class 0x000000010020a400 'jdk/internal/reflect/GeneratedMethodAccessor139'
Event: 173330.584 Thread 0x00000251cdf53650 Unloading class 0x000000010020a400 'jdk/internal/reflect/GeneratedConstructorAccessor125'
Event: 173382.162 Thread 0x00000251cdf53650 Unloading class 0x0000000100203000 'jdk/internal/reflect/GeneratedMethodAccessor148'
Event: 173382.163 Thread 0x00000251cdf53650 Unloading class 0x000000010035cc00 'jdk/internal/reflect/GeneratedConstructorAccessor124'
Event: 173382.163 Thread 0x00000251cdf53650 Unloading class 0x000000010075a800 'jdk/internal/reflect/GeneratedMethodAccessor147'
Event: 173382.163 Thread 0x00000251cdf53650 Unloading class 0x00000001000d1000 'jdk/internal/reflect/GeneratedConstructorAccessor123'
Event: 173382.163 Thread 0x00000251cdf53650 Unloading class 0x000000010034c800 'jdk/internal/reflect/GeneratedMethodAccessor146'
Event: 173382.163 Thread 0x00000251cdf53650 Unloading class 0x000000010034c000 'jdk/internal/reflect/GeneratedMethodAccessor145'
Event: 173382.163 Thread 0x00000251cdf53650 Unloading class 0x000000010020b000 'jdk/internal/reflect/GeneratedMethodAccessor144'
Event: 175092.535 Thread 0x00000251cdf53650 Unloading class 0x000000010020b000 'jdk/internal/reflect/GeneratedMethodAccessor153'
Event: 175092.536 Thread 0x00000251cdf53650 Unloading class 0x000000010034c000 'jdk/internal/reflect/GeneratedConstructorAccessor127'
Event: 175092.536 Thread 0x00000251cdf53650 Unloading class 0x000000010034c800 'jdk/internal/reflect/GeneratedMethodAccessor152'
Event: 175092.536 Thread 0x00000251cdf53650 Unloading class 0x00000001000d1000 'jdk/internal/reflect/GeneratedConstructorAccessor126'
Event: 175092.536 Thread 0x00000251cdf53650 Unloading class 0x000000010075a800 'jdk/internal/reflect/GeneratedMethodAccessor151'
Event: 175092.536 Thread 0x00000251cdf53650 Unloading class 0x000000010035cc00 'jdk/internal/reflect/GeneratedMethodAccessor150'
Event: 175092.536 Thread 0x00000251cdf53650 Unloading class 0x0000000100203000 'jdk/internal/reflect/GeneratedMethodAccessor149'

Classes redefined (0 events):
No events

Internal exceptions (20 events):
Event: 14360.570 Thread 0x00000251d094d5e0 Exception <a 'sun/nio/fs/WindowsException'{0x000000008b1c8290}> (0x000000008b1c8290) 
thrown [s\src\hotspot\share\prims\jni.cpp, line 516]
Event: 14360.570 Thread 0x00000251d094d5e0 Exception <a 'sun/nio/fs/WindowsException'{0x000000008b1c89e0}> (0x000000008b1c89e0) 
thrown [s\src\hotspot\share\prims\jni.cpp, line 516]
Event: 14360.570 Thread 0x00000251d094d5e0 Exception <a 'sun/nio/fs/WindowsException'{0x000000008b1c8d98}> (0x000000008b1c8d98) 
thrown [s\src\hotspot\share\prims\jni.cpp, line 516]
Event: 14360.570 Thread 0x00000251d094d5e0 Exception <a 'sun/nio/fs/WindowsException'{0x000000008b1c9cf8}> (0x000000008b1c9cf8) 
thrown [s\src\hotspot\share\prims\jni.cpp, line 516]
Event: 14360.570 Thread 0x00000251d094d5e0 Exception <a 'sun/nio/fs/WindowsException'{0x000000008b1ca0e8}> (0x000000008b1ca0e8) 
thrown [s\src\hotspot\share\prims\jni.cpp, line 516]
Event: 14360.570 Thread 0x00000251d094d5e0 Exception <a 'sun/nio/fs/WindowsException'{0x000000008b1cae50}> (0x000000008b1cae50) 
thrown [s\src\hotspot\share\prims\jni.cpp, line 516]
Event: 14360.571 Thread 0x00000251d094d5e0 Exception <a 'sun/nio/fs/WindowsException'{0x000000008b1cb5e0}> (0x000000008b1cb5e0) 
thrown [s\src\hotspot\share\prims\jni.cpp, line 516]
Event: 14360.571 Thread 0x00000251d094d5e0 Exception <a 'sun/nio/fs/WindowsException'{0x000000008b1cb9b8}> (0x000000008b1cb9b8) 
thrown [s\src\hotspot\share\prims\jni.cpp, line 516]
Event: 14360.571 Thread 0x00000251d094d5e0 Exception <a 'sun/nio/fs/WindowsException'{0x000000008b1cc940}> (0x000000008b1cc940) 
thrown [s\src\hotspot\share\prims\jni.cpp, line 516]
Event: 14360.571 Thread 0x00000251d094d5e0 Exception <a 'sun/nio/fs/WindowsException'{0x000000008b1ccd58}> (0x000000008b1ccd58) 
thrown [s\src\hotspot\share\prims\jni.cpp, line 516]
Event: 16649.758 Thread 0x00000251d0db2890 Implicit null exception at 0x00000251c4c16985 to 0x00000251c4c16bcb
Event: 92809.887 Thread 0x00000251d0db4f10 Implicit null exception at 0x00000251c534e890 to 0x00000251c534ea05
Event: 174857.163 Thread 0x00000251cf2416b0 Exception <a 'java/lang/ArrayIndexOutOfBoundsException'{0x000000008c726628}> (0x000000008c726628) 
thrown [s\src\hotspot\share\runtime\sharedRuntime.cpp, line 628]
Event: 174857.540 Thread 0x00000251d094dab0 Exception <a 'java/lang/ArrayIndexOutOfBoundsException'{0x00000000891bfbe8}> (0x00000000891bfbe8) 
thrown [s\src\hotspot\share\runtime\sharedRuntime.cpp, line 628]
Event: 174858.211 Thread 0x00000251d094dab0 Exception <a 'java/lang/NoSuchMethodError'{0x000000008ccb2e28}: 'java.lang.Object java.lang.invoke.DirectMethodHandle$Holder.newInvokeSpecial(java.lang.Object, java.lang.Object, java.lang.Object, int)'> (0x000000008ccb2e28) 
thrown [s\src\hotspot\share\interpreter\linkResolver.cpp, line 759]
Event: 174858.215 Thread 0x00000251d094dab0 Exception <a 'java/lang/NoSuchMethodError'{0x000000008ccb6be0}: 'java.lang.Object java.lang.invoke.DirectMethodHandle$Holder.invokeSpecial(java.lang.Object, java.lang.Object, java.lang.Object, java.lang.Object, int)'> (0x000000008ccb6be0) 
thrown [s\src\hotspot\share\interpreter\linkResolver.cpp, line 759]
Event: 174858.216 Thread 0x00000251d094dab0 Exception <a 'java/lang/NoSuchMethodError'{0x000000008ccba5b8}: 'java.lang.Object java.lang.invoke.Invokers$Holder.linkToTargetMethod(java.lang.Object, java.lang.Object, int, java.lang.Object)'> (0x000000008ccba5b8) 
thrown [s\src\hotspot\share\interpreter\linkResolver.cpp, line 759]
Event: 174858.356 Thread 0x00000251d3155a10 Exception <a 'java/lang/ArrayIndexOutOfBoundsException'{0x000000008c4fe290}> (0x000000008c4fe290) 
thrown [s\src\hotspot\share\runtime\sharedRuntime.cpp, line 628]
Event: 174914.956 Thread 0x00000251cf242ec0 Exception <a 'java/lang/ArrayIndexOutOfBoundsException'{0x0000000097bf7d68}> (0x0000000097bf7d68) 
thrown [s\src\hotspot\share\runtime\sharedRuntime.cpp, line 628]
Event: 174915.065 Thread 0x00000251d094dab0 Exception <a 'java/lang/ArrayIndexOutOfBoundsException'{0x00000000976948f0}> (0x00000000976948f0) 
thrown [s\src\hotspot\share\runtime\sharedRuntime.cpp, line 628]

VM Operations (20 events):
Event: 189149.456 Executing VM operation: G1CollectFull done
Event: 189159.598 Executing VM operation: G1CollectFull
Event: 189159.649 Executing VM operation: G1CollectFull done
Event: 189169.782 Executing VM operation: G1CollectFull
Event: 189169.834 Executing VM operation: G1CollectFull done
Event: 189179.986 Executing VM operation: G1CollectFull
Event: 189180.044 Executing VM operation: G1CollectFull done
Event: 189190.176 Executing VM operation: G1CollectFull
Event: 189190.236 Executing VM operation: G1CollectFull done
Event: 189201.150 Executing VM operation: G1CollectFull
Event: 189202.146 Executing VM operation: G1CollectFull done
Event: 189213.368 Executing VM operation: G1CollectFull
Event: 189213.727 Executing VM operation: G1CollectFull done
Event: 189225.087 Executing VM operation: G1CollectFull
Event: 189225.177 Executing VM operation: G1CollectFull done
Event: 189235.884 Executing VM operation: G1CollectFull
Event: 189235.986 Executing VM operation: G1CollectFull done
Event: 189247.428 Executing VM operation: G1CollectFull
Event: 189248.166 Executing VM operation: G1CollectFull done
Event: 189258.210 Executing VM operation: G1CollectFull

Events (20 events):
Event: 174856.924 Thread 0x00000251cf242ec0 Thread added: 0x00000251cf242ec0
Event: 174857.156 Thread 0x00000251d3155a10 Thread added: 0x00000251d3155a10
Event: 174857.158 Thread 0x00000251cf2416b0 Thread added: 0x00000251cf2416b0
Event: 174917.612 Thread 0x00000251d0832320 Thread added: 0x00000251d0832320
Event: 174980.054 Thread 0x00000251cf242ec0 Thread exited: 0x00000251cf242ec0
Event: 174981.669 Thread 0x00000251d0832320 Thread exited: 0x00000251d0832320
Event: 174981.886 Thread 0x00000251d3155a10 Thread exited: 0x00000251d3155a10
Event: 175040.064 Thread 0x00000251cf2416b0 Thread exited: 0x00000251cf2416b0
Event: 179082.929 Thread 0x00000251d08fa3f0 Thread added: 0x00000251d08fa3f0
Event: 179082.969 Thread 0x00000251d0daeed0 Thread added: 0x00000251d0daeed0
Event: 179143.197 Thread 0x00000251d0daeed0 Thread exited: 0x00000251d0daeed0
Event: 179143.198 Thread 0x00000251d08fa3f0 Thread exited: 0x00000251d08fa3f0
Event: 179296.340 Thread 0x00000251d0833660 Thread added: 0x00000251d0833660
Event: 179296.363 Thread 0x00000251d0db4570 Thread added: 0x00000251d0db4570
Event: 179358.552 Thread 0x00000251d0db4570 Thread exited: 0x00000251d0db4570
Event: 179358.552 Thread 0x00000251d0833660 Thread exited: 0x00000251d0833660
Event: 179706.983 Thread 0x00000251d0833190 Thread added: 0x00000251d0833190
Event: 179707.016 Thread 0x00000251d0db4f10 Thread added: 0x00000251d0db4f10
Event: 179767.246 Thread 0x00000251d0db4f10 Thread exited: 0x00000251d0db4f10
Event: 179770.903 Thread 0x00000251d0833190 Thread exited: 0x00000251d0833190


Dynamic libraries:
0x00007ff7c1250000 - 0x00007ff7c125e000 	c:\Users\IBBALLO\.vscode\extensions\redhat.java-1.11.0-win32-x64\jre\17.0.4.1-win32-x86_64\bin\java.exe
0x00007ffcf85c0000 - 0x00007ffcf87c9000 	C:\WINDOWS\SYSTEM32\ntdll.dll
0x00007ffcf6d00000 - 0x00007ffcf6dbd000 	C:\WINDOWS\System32\KERNEL32.DLL
0x00007ffcf5d20000 - 0x00007ffcf609d000 	C:\WINDOWS\System32\KERNELBASE.dll
0x00007ffcf5aa0000 - 0x00007ffcf5bb1000 	C:\WINDOWS\System32\ucrtbase.dll
0x00007ffced5c0000 - 0x00007ffced5d8000 	c:\Users\IBBALLO\.vscode\extensions\redhat.java-1.11.0-win32-x64\jre\17.0.4.1-win32-x86_64\bin\jli.dll
0x00007ffcf6570000 - 0x00007ffcf671d000 	C:\WINDOWS\System32\USER32.dll
0x00007ffcf6420000 - 0x00007ffcf6446000 	C:\WINDOWS\System32\win32u.dll
0x00007ffcf80a0000 - 0x00007ffcf80c9000 	C:\WINDOWS\System32\GDI32.dll
0x00007ffcf6290000 - 0x00007ffcf63a8000 	C:\WINDOWS\System32\gdi32full.dll
0x00007ffcf5c80000 - 0x00007ffcf5d1d000 	C:\WINDOWS\System32\msvcp_win.dll
0x00007ffced640000 - 0x00007ffced659000 	c:\Users\IBBALLO\.vscode\extensions\redhat.java-1.11.0-win32-x64\jre\17.0.4.1-win32-x86_64\bin\VCRUNTIME140.dll
0x00007ffce0060000 - 0x00007ffce0305000 	C:\WINDOWS\WinSxS\amd64_microsoft.windows.common-controls_6595b64144ccf1df_6.0.22000.120_none_9d947278b86cc467\COMCTL32.dll
0x00007ffcf6c50000 - 0x00007ffcf6cf3000 	C:\WINDOWS\System32\msvcrt.dll
0x00007ffcf80d0000 - 0x00007ffcf8101000 	C:\WINDOWS\System32\IMM32.DLL
0x00007ffced5a0000 - 0x00007ffced5ac000 	c:\Users\IBBALLO\.vscode\extensions\redhat.java-1.11.0-win32-x64\jre\17.0.4.1-win32-x86_64\bin\vcruntime140_1.dll
0x00007ffcd48a0000 - 0x00007ffcd4931000 	c:\Users\IBBALLO\.vscode\extensions\redhat.java-1.11.0-win32-x64\jre\17.0.4.1-win32-x86_64\bin\msvcp140.dll
0x00007ffc6fa80000 - 0x00007ffc706c6000 	c:\Users\IBBALLO\.vscode\extensions\redhat.java-1.11.0-win32-x64\jre\17.0.4.1-win32-x86_64\bin\server\jvm.dll
0x00007ffcf69a0000 - 0x00007ffcf6a4e000 	C:\WINDOWS\System32\ADVAPI32.dll
0x00007ffcf64c0000 - 0x00007ffcf655e000 	C:\WINDOWS\System32\sechost.dll
0x00007ffcf6b30000 - 0x00007ffcf6c50000 	C:\WINDOWS\System32\RPCRT4.dll
0x00007ffcf7a30000 - 0x00007ffcf7a38000 	C:\WINDOWS\System32\PSAPI.DLL
0x00007ffcc89f0000 - 0x00007ffcc89f9000 	C:\WINDOWS\SYSTEM32\WSOCK32.dll
0x00007ffcf6780000 - 0x00007ffcf67ef000 	C:\WINDOWS\System32\WS2_32.dll
0x00007ffcecd20000 - 0x00007ffcecd53000 	C:\WINDOWS\SYSTEM32\WINMM.dll
0x00007ffceae70000 - 0x00007ffceae7a000 	C:\WINDOWS\SYSTEM32\VERSION.dll
0x00007ffcf4c90000 - 0x00007ffcf4ca8000 	C:\WINDOWS\SYSTEM32\kernel.appcore.dll
0x00007ffcecee0000 - 0x00007ffceceea000 	c:\Users\IBBALLO\.vscode\extensions\redhat.java-1.11.0-win32-x64\jre\17.0.4.1-win32-x86_64\bin\jimage.dll
0x00007ffcf3710000 - 0x00007ffcf3931000 	C:\WINDOWS\SYSTEM32\DBGHELP.DLL
0x00007ffcc8a00000 - 0x00007ffcc8a31000 	C:\WINDOWS\SYSTEM32\dbgcore.DLL
0x00007ffcf6210000 - 0x00007ffcf628f000 	C:\WINDOWS\System32\bcryptPrimitives.dll
0x00007ffcece10000 - 0x00007ffcece35000 	c:\Users\IBBALLO\.vscode\extensions\redhat.java-1.11.0-win32-x64\jre\17.0.4.1-win32-x86_64\bin\java.dll
0x00007ffcecdf0000 - 0x00007ffcece08000 	c:\Users\IBBALLO\.vscode\extensions\redhat.java-1.11.0-win32-x64\jre\17.0.4.1-win32-x86_64\bin\zip.dll
0x00007ffcf6dd0000 - 0x00007ffcf7588000 	C:\WINDOWS\System32\SHELL32.dll
0x00007ffcf3cd0000 - 0x00007ffcf4538000 	C:\WINDOWS\SYSTEM32\windows.storage.dll
0x00007ffcf7aa0000 - 0x00007ffcf7e19000 	C:\WINDOWS\System32\combase.dll
0x00007ffcf3b60000 - 0x00007ffcf3cc6000 	C:\WINDOWS\SYSTEM32\wintypes.dll
0x00007ffcf68a0000 - 0x00007ffcf698a000 	C:\WINDOWS\System32\SHCORE.dll
0x00007ffcf6720000 - 0x00007ffcf677d000 	C:\WINDOWS\System32\shlwapi.dll
0x00007ffcf59d0000 - 0x00007ffcf59f1000 	C:\WINDOWS\SYSTEM32\profapi.dll
0x00007ffce68e0000 - 0x00007ffce68f9000 	C:\Users\IBBALLO\.vscode\extensions\redhat.java-1.11.0-win32-x64\jre\17.0.4.1-win32-x86_64\bin\net.dll
0x00007ffcee450000 - 0x00007ffcee55c000 	C:\WINDOWS\SYSTEM32\WINHTTP.dll
0x00007ffcf50c0000 - 0x00007ffcf5127000 	C:\WINDOWS\system32\mswsock.dll
0x00007ffcdfcf0000 - 0x00007ffcdfd05000 	C:\Users\IBBALLO\.vscode\extensions\redhat.java-1.11.0-win32-x64\jre\17.0.4.1-win32-x86_64\bin\nio.dll
0x00007ffceceb0000 - 0x00007ffcecec0000 	c:\Users\IBBALLO\.vscode\extensions\redhat.java-1.11.0-win32-x64\jre\17.0.4.1-win32-x86_64\bin\verify.dll
0x00007ffce72a0000 - 0x00007ffce72a9000 	C:\Users\IBBALLO\.vscode\extensions\redhat.java-1.11.0-win32-x64\jre\17.0.4.1-win32-x86_64\bin\management.dll
0x00007ffcdf990000 - 0x00007ffcdf99b000 	C:\Users\IBBALLO\.vscode\extensions\redhat.java-1.11.0-win32-x64\jre\17.0.4.1-win32-x86_64\bin\management_ext.dll
0x00007ffccf2d0000 - 0x00007ffccf2e7000 	C:\WINDOWS\system32\napinsp.dll
0x00007ffccf2b0000 - 0x00007ffccf2cb000 	C:\WINDOWS\system32\pnrpnsp.dll
0x00007ffcf4700000 - 0x00007ffcf47e8000 	C:\WINDOWS\SYSTEM32\DNSAPI.dll
0x00007ffcf46d0000 - 0x00007ffcf46fd000 	C:\WINDOWS\SYSTEM32\IPHLPAPI.DLL
0x00007ffcf6990000 - 0x00007ffcf6999000 	C:\WINDOWS\System32\NSI.dll
0x00007ffcc7d80000 - 0x00007ffcc7d92000 	C:\WINDOWS\System32\winrnr.dll
0x00007ffcc4a20000 - 0x00007ffcc4a35000 	C:\WINDOWS\system32\wshbth.dll
0x00007ffcc4a00000 - 0x00007ffcc4a1f000 	C:\WINDOWS\system32\nlansp_c.dll
0x00007ffcecad0000 - 0x00007ffcecada000 	C:\Windows\System32\rasadhlp.dll
0x00007ffcee560000 - 0x00007ffcee5e1000 	C:\WINDOWS\System32\fwpuclnt.dll
0x00007ffcf5300000 - 0x00007ffcf5318000 	C:\WINDOWS\SYSTEM32\CRYPTSP.dll
0x00007ffcf4bf0000 - 0x00007ffcf4c25000 	C:\WINDOWS\system32\rsaenh.dll
0x00007ffcf51b0000 - 0x00007ffcf51d9000 	C:\WINDOWS\SYSTEM32\USERENV.dll
0x00007ffcf5480000 - 0x00007ffcf54a7000 	C:\WINDOWS\SYSTEM32\bcrypt.dll
0x00007ffcf5320000 - 0x00007ffcf532c000 	C:\WINDOWS\SYSTEM32\CRYPTBASE.dll
0x00007ffceeec0000 - 0x00007ffceeed9000 	C:\WINDOWS\SYSTEM32\dhcpcsvc6.DLL
0x00007ffcee790000 - 0x00007ffcee7ae000 	C:\WINDOWS\SYSTEM32\dhcpcsvc.DLL

dbghelp: loaded successfully - version: 4.0.5 - missing functions: none
symbol engine: initialized successfully - sym options: 0x614 - pdb path: .;c:\Users\IBBALLO\.vscode\extensions\redhat.java-1.11.0-win32-x64\jre\17.0.4.1-win32-x86_64\bin;C:\WINDOWS\SYSTEM32;C:\WINDOWS\WinSxS\amd64_microsoft.windows.common-controls_6595b64144ccf1df_6.0.22000.120_none_9d947278b86cc467;c:\Users\IBBALLO\.vscode\extensions\redhat.java-1.11.0-win32-x64\jre\17.0.4.1-win32-x86_64\bin\server

VM Arguments:
jvm_args: -Dsts.lsp.client=vscode -Dsts.log.file=/dev/null -XX:TieredStopAtLevel=1 -Xlog:jni+resolve=off -Dspring.config.location=file:c:\Users\IBBALLO\.vscode\extensions\pivotal.vscode-spring-boot-1.39.0\language-server\BOOT-INF\classes\application.properties 
java_command: org.springframework.ide.vscode.boot.app.BootLanguageServerBootApp
java_class_path (initial): c:\Users\IBBALLO\.vscode\extensions\pivotal.vscode-spring-boot-1.39.0\language-server\BOOT-INF\classes;c:\Users\IBBALLO\.vscode\extensions\pivotal.vscode-spring-boot-1.39.0\language-server\BOOT-INF\lib\annotations-23.0.0.jar;c:\Users\IBBALLO\.vscode\extensions\pivotal.vscode-spring-boot-1.39.0\language-server\BOOT-INF\lib\antlr-runtime-3.5.2.jar;c:\Users\IBBALLO\.vscode\extensions\pivotal.vscode-spring-boot-1.39.0\language-server\BOOT-INF\lib\antlr4-4.9.3.jar;c:\Users\IBBALLO\.vscode\extensions\pivotal.vscode-spring-boot-1.39.0\language-server\BOOT-INF\lib\antlr4-runtime-4.9.3.jar;c:\Users\IBBALLO\.vscode\extensions\pivotal.vscode-spring-boot-1.39.0\language-server\BOOT-INF\lib\asm-9.3.jar;c:\Users\IBBALLO\.vscode\extensions\pivotal.vscode-spring-boot-1.39.0\language-server\BOOT-INF\lib\asm-analysis-9.3.jar;c:\Users\IBBALLO\.vscode\extensions\pivotal.vscode-spring-boot-1.39.0\language-server\BOOT-INF\lib\asm-tree-9.3.jar;c:\Users\IBBALLO\.vscode\extensions\pivotal.vscode-spring-boot-1.39.0\language-server\BOOT-INF\lib\asm-util-9.3.jar;c:\Users\IBBALLO\.vscode\extensions\pivotal.vscode-spring-boot-1.39.0\language-server\BOOT-INF\lib\byte-buddy-1.12.13.jar;c:\Users\IBBALLO\.vscode\extensions\pivotal.vscode-spring-boot-1.39.0\language-server\BOOT-INF\lib\caffeine-2.9.3.jar;c:\Users\IBBALLO\.vscode\extensions\pivotal.vscode-spring-boot-1.39.0\language-server\BOOT-INF\lib\checker-qual-3.12.0.jar;c:\Users\IBBALLO\.vscode\extensions\pivotal.vscode-spring-boot-1.39.0\language-server\BOOT-INF\lib\classgraph-4.8.149.jar;c:\Users\IBBALLO\.vscode\extensions\pivotal.vscode-spring-boot-1.39.0\language-server\BOOT-INF\lib\commons-codec-1.15.jar;c:\Users\IBBALLO\.vscode\extensions\pivotal.vscode-spring-boot-1.39.0\language-server\BOOT-INF\lib\commons-compress-1.21.jar;c:\Users\IBBALLO\.vscode\extensions\pivotal.vscode-spring-boot-1.39.0\language-server\BOOT-INF\lib\commons-exec-1.3.jar;c:\Users\IBBALLO\.vscode\extensions\pivotal.vscode-spring-boot-1.39.
Launcher Type: SUN_STANDARD

[Global flags]
     intx CICompilerCount                          = 4                                         {product} {ergonomic}
     uint ConcGCThreads                            = 2                                         {product} {ergonomic}
     uint G1ConcRefinementThreads                  = 8                                         {product} {ergonomic}
   size_t G1HeapRegionSize                         = 1048576                                   {product} {ergonomic}
    uintx GCDrainStackTargetSize                   = 64                                        {product} {ergonomic}
   size_t InitialHeapSize                          = 132120576                                 {product} {ergonomic}
   size_t MarkStackSize                            = 4194304                                   {product} {ergonomic}
   size_t MaxHeapSize                              = 2082471936                                {product} {ergonomic}
   size_t MaxNewSize                               = 1248854016                                {product} {ergonomic}
   size_t MinHeapDeltaBytes                        = 1048576                                   {product} {ergonomic}
   size_t MinHeapSize                              = 8388608                                   {product} {ergonomic}
    uintx NonProfiledCodeHeapSize                  = 0                                      {pd product} {ergonomic}
     bool ProfileInterpreter                       = false                                  {pd product} {command line}
    uintx ProfiledCodeHeapSize                     = 0                                      {pd product} {ergonomic}
   size_t SoftMaxHeapSize                          = 2082471936                             {manageable} {ergonomic}
     intx TieredStopAtLevel                        = 1                                         {product} {command line}
     bool UseCompressedClassPointers               = true                           {product lp64_product} {ergonomic}
     bool UseCompressedOops                        = true                           {product lp64_product} {ergonomic}
     bool UseG1GC                                  = true                                      {product} {ergonomic}
     bool UseLargePagesIndividualAllocation        = false                                  {pd product} {ergonomic}

Logging:
Log output configuration:
 #0: stdout all=warning,jni+resolve=off uptime,level,tags
 #1: stderr all=off uptime,level,tags

Environment Variables:
PATH=C:\Program Files (x86)\VMware\VMware Workstation\bin\;C:\Python39\Scripts\;C:\Python39\;C:\Program Files\Eclipse Foundation\jdk-11.0.12.7-hotspot\bin;C:\WINDOWS\system32;C:\WINDOWS;C:\WINDOWS\System32\Wbem;C:\WINDOWS\System32\WindowsPowerShell\v1.0\;C:\WINDOWS\System32\OpenSSH\;C:\Program Files\Git\cmd;C:\Program Files\nodejs\;C:\ProgramData\chocolatey\bin;D:\flutter_windows_2.5.3-stable\flutter\bin;C:\xampp\php;C:\Users\IBBALLO\AppData\Local\Microsoft\WindowsApps;C:\Users\IBBALLO\AppData\Local\Programs\Microsoft VS Code\bin;C:\Users\IBBALLO\Documents\Flutter\flutter\bin;C:\Users\IBBALLO\AppData\Local\Android\Sdk;C:\apache-maven\bin;C:\xampp\mysql\bin;C:\Users\IBBALLO\AppData\Roaming\npm;
USERNAME=ibballo
OS=Windows_NT
PROCESSOR_IDENTIFIER=Intel64 Family 6 Model 140 Stepping 1, GenuineIntel
TMP=C:\Users\IBBALLO\AppData\Local\Temp
TEMP=C:\Users\IBBALLO\AppData\Local\Temp



---------------  S Y S T E M  ---------------

OS:
 Windows 11 , 64 bit Build 22000 (10.0.22000.708)
OS uptime: 26 days 6:14 hours

CPU: total 8 (initial active 8) (4 cores per cpu, 2 threads per core) family 6 model 140 stepping 1 microcode 0xa4, cx8, cmov, fxsr, ht, mmx, 3dnowpref, sse, sse2, sse3, ssse3, sse4.1, sse4.2, popcnt, lzcnt, tsc, tscinvbit, avx, avx2, aes, erms, clmul, bmi1, bmi2, adx, avx512f, avx512dq, avx512cd, avx512bw, avx512vl, sha, fma, vzeroupper, avx512_vpopcntdq, avx512_vpclmulqdq, avx512_vaes, avx512_vnni, clflush, clflushopt, clwb, avx512_vbmi2, avx512_vbmi

Memory: 4k page, system-wide physical 7941M (494M free)
TotalPageFile size 32517M (AvailPageFile size 4M)
current process WorkingSet (physical memory assigned to process): 109M, peak: 1125M
current process commit charge ("private bytes"): 398M, peak: 1280M

vm_info: OpenJDK 64-Bit Server VM (17.0.4.1+1) for windows-amd64 JRE (17.0.4.1+1), built on Aug 17 2022 07:42:43 by "temurin" with MS VC++ 16.7 (VS2019)

END.
